TN:
SF:src\App.tsx
FN:40,(anonymous_0)
FN:59,(anonymous_1)
FN:64,(anonymous_2)
FN:110,(anonymous_3)
FN:115,(anonymous_4)
FN:121,(anonymous_5)
FN:180,App
FNF:7
FNH:0
FNDA:0,(anonymous_0)
FNDA:0,(anonymous_1)
FNDA:0,(anonymous_2)
FNDA:0,(anonymous_3)
FNDA:0,(anonymous_4)
FNDA:0,(anonymous_5)
FNDA:0,App
DA:40,0
DA:41,0
DA:43,0
DA:44,0
DA:51,0
DA:52,0
DA:55,0
DA:59,0
DA:60,0
DA:61,0
DA:64,0
DA:110,0
DA:111,0
DA:112,0
DA:115,0
DA:116,0
DA:117,0
DA:121,0
DA:122,0
DA:123,0
DA:126,0
DA:155,0
DA:181,0
LF:23
LH:0
BRDA:43,0,0,0
BRDA:43,0,1,0
BRDA:51,1,0,0
BRDA:51,1,1,0
BRDA:66,2,0,0
BRDA:66,2,1,0
BRDA:74,3,0,0
BRDA:74,3,1,0
BRDA:75,4,0,0
BRDA:75,4,1,0
BRDA:116,5,0,0
BRDA:116,5,1,0
BRF:12
BRH:0
end_of_record
TN:
SF:src\firebase.ts
FNF:0
FNH:0
DA:7,0
DA:22,0
DA:24,0
DA:27,0
DA:30,0
DA:31,0
DA:34,0
DA:36,0
DA:37,0
LF:9
LH:0
BRDA:30,0,0,0
BRDA:30,0,1,0
BRF:2
BRH:0
end_of_record
TN:
SF:src\index.js
FNF:0
FNH:0
DA:11,0
DA:12,0
DA:21,0
LF:3
LH:0
BRF:0
BRH:0
end_of_record
TN:
SF:src\reportWebVitals.js
FN:1,(anonymous_0)
FN:3,(anonymous_1)
FNF:2
FNH:0
FNDA:0,(anonymous_0)
FNDA:0,(anonymous_1)
DA:1,0
DA:2,0
DA:3,0
DA:4,0
DA:5,0
DA:6,0
DA:7,0
DA:8,0
LF:8
LH:0
BRDA:2,0,0,0
BRDA:2,0,1,0
BRDA:2,1,0,0
BRDA:2,1,1,0
BRF:4
BRH:0
end_of_record
TN:
SF:src\wdyr.js
FNF:0
FNH:0
DA:4,0
DA:6,0
DA:7,0
LF:3
LH:0
BRDA:4,0,0,0
BRDA:4,0,1,0
BRDA:4,1,0,0
BRDA:4,1,1,0
BRF:4
BRH:0
end_of_record
TN:
SF:src\components\AddItemModal.tsx
FN:79,(anonymous_0)
FN:126,(anonymous_1)
FN:141,(anonymous_2)
FN:150,(anonymous_3)
FN:165,(anonymous_4)
FN:187,(anonymous_5)
FN:201,(anonymous_6)
FN:212,(anonymous_7)
FN:227,(anonymous_8)
FN:233,(anonymous_9)
FN:236,(anonymous_10)
FN:245,(anonymous_11)
FN:251,(anonymous_12)
FN:258,(anonymous_13)
FN:263,(anonymous_14)
FN:265,(anonymous_15)
FN:267,(anonymous_16)
FN:274,(anonymous_17)
FN:290,(anonymous_18)
FN:314,(anonymous_19)
FN:318,(anonymous_20)
FN:336,(anonymous_21)
FN:340,(anonymous_22)
FN:346,(anonymous_23)
FN:350,(anonymous_24)
FN:403,(anonymous_25)
FN:426,(anonymous_26)
FN:438,(anonymous_27)
FN:439,(anonymous_28)
FN:443,(anonymous_29)
FN:444,(anonymous_30)
FN:533,(anonymous_31)
FN:600,(anonymous_32)
FNF:33
FNH:0
FNDA:0,(anonymous_0)
FNDA:0,(anonymous_1)
FNDA:0,(anonymous_2)
FNDA:0,(anonymous_3)
FNDA:0,(anonymous_4)
FNDA:0,(anonymous_5)
FNDA:0,(anonymous_6)
FNDA:0,(anonymous_7)
FNDA:0,(anonymous_8)
FNDA:0,(anonymous_9)
FNDA:0,(anonymous_10)
FNDA:0,(anonymous_11)
FNDA:0,(anonymous_12)
FNDA:0,(anonymous_13)
FNDA:0,(anonymous_14)
FNDA:0,(anonymous_15)
FNDA:0,(anonymous_16)
FNDA:0,(anonymous_17)
FNDA:0,(anonymous_18)
FNDA:0,(anonymous_19)
FNDA:0,(anonymous_20)
FNDA:0,(anonymous_21)
FNDA:0,(anonymous_22)
FNDA:0,(anonymous_23)
FNDA:0,(anonymous_24)
FNDA:0,(anonymous_25)
FNDA:0,(anonymous_26)
FNDA:0,(anonymous_27)
FNDA:0,(anonymous_28)
FNDA:0,(anonymous_29)
FNDA:0,(anonymous_30)
FNDA:0,(anonymous_31)
FNDA:0,(anonymous_32)
DA:31,0
DA:79,0
DA:80,0
DA:81,0
DA:82,0
DA:83,0
DA:84,0
DA:85,0
DA:86,0
DA:87,0
DA:90,0
DA:91,0
DA:93,0
DA:101,0
DA:106,0
DA:123,0
DA:124,0
DA:126,0
DA:127,0
DA:129,0
DA:131,0
DA:132,0
DA:133,0
DA:134,0
DA:135,0
DA:141,0
DA:142,0
DA:143,0
DA:144,0
DA:145,0
DA:146,0
DA:148,0
DA:149,0
DA:150,0
DA:151,0
DA:152,0
DA:159,0
DA:162,0
DA:163,0
DA:164,0
DA:165,0
DA:166,0
DA:167,0
DA:174,0
DA:177,0
DA:179,0
DA:180,0
DA:181,0
DA:183,0
DA:187,0
DA:188,0
DA:201,0
DA:202,0
DA:203,0
DA:204,0
DA:206,0
DA:212,0
DA:213,0
DA:214,0
DA:215,0
DA:216,0
DA:217,0
DA:224,0
DA:227,0
DA:228,0
DA:229,0
DA:230,0
DA:233,0
DA:234,0
DA:235,0
DA:236,0
DA:240,0
DA:245,0
DA:250,0
DA:251,0
DA:258,0
DA:259,0
DA:260,0
DA:263,0
DA:264,0
DA:265,0
DA:266,0
DA:267,0
DA:274,0
DA:275,0
DA:277,0
DA:278,0
DA:280,0
DA:281,0
DA:283,0
DA:284,0
DA:286,0
DA:287,0
DA:290,0
DA:291,0
DA:292,0
DA:294,0
DA:295,0
DA:296,0
DA:298,0
DA:299,0
DA:302,0
DA:303,0
DA:312,0
DA:314,0
DA:315,0
DA:318,0
DA:319,0
DA:321,0
DA:322,0
DA:324,0
DA:325,0
DA:327,0
DA:328,0
DA:330,0
DA:331,0
DA:333,0
DA:334,0
DA:336,0
DA:337,0
DA:340,0
DA:341,0
DA:343,0
DA:344,0
DA:346,0
DA:347,0
DA:350,0
DA:351,0
DA:352,0
DA:353,0
DA:356,0
DA:357,0
DA:358,0
DA:361,0
DA:362,0
DA:363,0
DA:364,0
DA:365,0
DA:366,0
DA:367,0
DA:368,0
DA:369,0
DA:370,0
DA:371,0
DA:372,0
DA:373,0
DA:374,0
DA:377,0
DA:386,0
DA:388,0
DA:390,0
DA:391,0
DA:392,0
DA:393,0
DA:394,0
DA:397,0
DA:402,0
DA:403,0
DA:404,0
DA:405,0
DA:413,0
DA:415,0
DA:419,0
DA:420,0
DA:421,0
DA:425,0
DA:426,0
DA:429,0
DA:430,0
DA:432,0
DA:433,0
DA:434,0
DA:438,0
DA:439,0
DA:440,0
DA:443,0
DA:444,0
DA:445,0
DA:446,0
DA:449,0
DA:450,0
DA:457,0
DA:461,0
DA:477,0
DA:478,0
DA:479,0
DA:480,0
DA:481,0
DA:482,0
DA:483,0
DA:486,0
DA:534,0
DA:601,0
DA:602,0
DA:604,0
LF:195
LH:0
BRDA:127,0,0,0
BRDA:127,0,1,0
BRDA:132,1,0,0
BRDA:132,1,1,0
BRDA:144,2,0,0
BRDA:144,2,1,0
BRDA:148,3,0,0
BRDA:148,3,1,0
BRDA:163,4,0,0
BRDA:163,4,1,0
BRDA:194,5,0,0
BRDA:194,5,1,0
BRDA:202,6,0,0
BRDA:202,6,1,0
BRDA:213,7,0,0
BRDA:213,7,1,0
BRDA:219,8,0,0
BRDA:219,8,1,0
BRDA:235,9,0,0
BRDA:235,9,1,0
BRDA:250,10,0,0
BRDA:250,10,1,0
BRDA:266,11,0,0
BRDA:266,11,1,0
BRDA:277,12,0,0
BRDA:277,12,1,0
BRDA:280,13,0,0
BRDA:280,13,1,0
BRDA:283,14,0,0
BRDA:283,14,1,0
BRDA:294,15,0,0
BRDA:294,15,1,0
BRDA:295,16,0,0
BRDA:295,16,1,0
BRDA:298,17,0,0
BRDA:298,17,1,0
BRDA:302,18,0,0
BRDA:302,18,1,0
BRDA:321,19,0,0
BRDA:321,19,1,0
BRDA:324,20,0,0
BRDA:324,20,1,0
BRDA:327,21,0,0
BRDA:327,21,1,0
BRDA:330,22,0,0
BRDA:330,22,1,0
BRDA:330,23,0,0
BRDA:330,23,1,0
BRDA:333,24,0,0
BRDA:333,24,1,0
BRDA:333,25,0,0
BRDA:333,25,1,0
BRDA:343,26,0,0
BRDA:343,26,1,0
BRDA:356,27,0,0
BRDA:356,27,1,0
BRDA:358,28,0,0
BRDA:358,28,1,0
BRDA:361,29,0,0
BRDA:361,29,1,0
BRDA:363,30,0,0
BRDA:363,30,1,0
BRDA:365,31,0,0
BRDA:365,31,1,0
BRDA:367,32,0,0
BRDA:367,32,1,0
BRDA:371,33,0,0
BRDA:371,33,1,0
BRDA:382,34,0,0
BRDA:382,34,1,0
BRDA:397,35,0,0
BRDA:397,35,1,0
BRDA:397,36,0,0
BRDA:397,36,1,0
BRDA:397,36,2,0
BRDA:397,36,3,0
BRDA:413,37,0,0
BRDA:413,37,1,0
BRDA:420,38,0,0
BRDA:420,38,1,0
BRDA:425,39,0,0
BRDA:425,39,1,0
BRDA:425,40,0,0
BRDA:425,40,1,0
BRDA:430,41,0,0
BRDA:430,41,1,0
BRDA:445,42,0,0
BRDA:445,42,1,0
BRDA:518,43,0,0
BRDA:518,43,1,0
BRDA:543,44,0,0
BRDA:543,44,1,0
BRDA:550,45,0,0
BRDA:550,45,1,0
BRDA:558,46,0,0
BRDA:558,46,1,0
BRDA:565,47,0,0
BRDA:565,47,1,0
BRDA:575,48,0,0
BRDA:575,48,1,0
BRDA:581,49,0,0
BRDA:581,49,1,0
BRDA:585,50,0,0
BRDA:585,50,1,0
BRDA:586,51,0,0
BRDA:586,51,1,0
BRDA:594,52,0,0
BRDA:594,52,1,0
BRDA:594,52,2,0
BRDA:601,53,0,0
BRDA:601,53,1,0
BRDA:609,54,0,0
BRDA:609,54,1,0
BRDA:611,55,0,0
BRDA:611,55,1,0
BRDA:611,56,0,0
BRDA:611,56,1,0
BRF:117
BRH:0
end_of_record
TN:
SF:src\components\EditItemModal.tsx
FN:79,(anonymous_0)
FN:132,(anonymous_1)
FN:141,(anonymous_2)
FN:156,(anonymous_3)
FN:179,(anonymous_4)
FN:181,(anonymous_5)
FN:192,(anonymous_6)
FN:210,(anonymous_7)
FN:222,(anonymous_8)
FN:325,(anonymous_9)
FN:346,(anonymous_10)
FN:349,(anonymous_11)
FN:358,(anonymous_12)
FN:364,(anonymous_13)
FN:371,(anonymous_14)
FN:376,(anonymous_15)
FN:378,(anonymous_16)
FN:380,(anonymous_17)
FN:387,(anonymous_18)
FN:403,(anonymous_19)
FN:427,(anonymous_20)
FN:431,(anonymous_21)
FN:449,(anonymous_22)
FN:453,(anonymous_23)
FN:458,(anonymous_24)
FN:505,(anonymous_25)
FN:538,(anonymous_26)
FN:547,(anonymous_27)
FN:566,(anonymous_28)
FN:598,(anonymous_29)
FN:608,(anonymous_30)
FN:609,(anonymous_31)
FN:616,(anonymous_32)
FN:618,(anonymous_33)
FN:671,(anonymous_34)
FN:693,(anonymous_35)
FN:716,(anonymous_36)
FNF:37
FNH:0
FNDA:0,(anonymous_0)
FNDA:0,(anonymous_1)
FNDA:0,(anonymous_2)
FNDA:0,(anonymous_3)
FNDA:0,(anonymous_4)
FNDA:0,(anonymous_5)
FNDA:0,(anonymous_6)
FNDA:0,(anonymous_7)
FNDA:0,(anonymous_8)
FNDA:0,(anonymous_9)
FNDA:0,(anonymous_10)
FNDA:0,(anonymous_11)
FNDA:0,(anonymous_12)
FNDA:0,(anonymous_13)
FNDA:0,(anonymous_14)
FNDA:0,(anonymous_15)
FNDA:0,(anonymous_16)
FNDA:0,(anonymous_17)
FNDA:0,(anonymous_18)
FNDA:0,(anonymous_19)
FNDA:0,(anonymous_20)
FNDA:0,(anonymous_21)
FNDA:0,(anonymous_22)
FNDA:0,(anonymous_23)
FNDA:0,(anonymous_24)
FNDA:0,(anonymous_25)
FNDA:0,(anonymous_26)
FNDA:0,(anonymous_27)
FNDA:0,(anonymous_28)
FNDA:0,(anonymous_29)
FNDA:0,(anonymous_30)
FNDA:0,(anonymous_31)
FNDA:0,(anonymous_32)
FNDA:0,(anonymous_33)
FNDA:0,(anonymous_34)
FNDA:0,(anonymous_35)
FNDA:0,(anonymous_36)
DA:29,0
DA:79,0
DA:85,0
DA:86,0
DA:87,0
DA:88,0
DA:89,0
DA:90,0
DA:93,0
DA:94,0
DA:97,0
DA:105,0
DA:110,0
DA:127,0
DA:128,0
DA:129,0
DA:132,0
DA:133,0
DA:134,0
DA:135,0
DA:136,0
DA:137,0
DA:139,0
DA:140,0
DA:141,0
DA:142,0
DA:143,0
DA:150,0
DA:153,0
DA:154,0
DA:155,0
DA:156,0
DA:157,0
DA:158,0
DA:165,0
DA:168,0
DA:170,0
DA:171,0
DA:172,0
DA:174,0
DA:179,0
DA:180,0
DA:181,0
DA:182,0
DA:183,0
DA:186,0
DA:187,0
DA:189,0
DA:190,0
DA:191,0
DA:192,0
DA:193,0
DA:195,0
DA:199,0
DA:202,0
DA:206,0
DA:208,0
DA:210,0
DA:211,0
DA:217,0
DA:222,0
DA:223,0
DA:226,0
DA:227,0
DA:229,0
DA:230,0
DA:231,0
DA:235,0
DA:238,0
DA:239,0
DA:240,0
DA:245,0
DA:246,0
DA:247,0
DA:248,0
DA:249,0
DA:253,0
DA:254,0
DA:260,0
DA:263,0
DA:267,0
DA:272,0
DA:281,0
DA:283,0
DA:284,0
DA:290,0
DA:297,0
DA:315,0
DA:316,0
DA:325,0
DA:326,0
DA:335,0
DA:336,0
DA:338,0
DA:342,0
DA:346,0
DA:347,0
DA:348,0
DA:349,0
DA:353,0
DA:358,0
DA:363,0
DA:364,0
DA:371,0
DA:372,0
DA:373,0
DA:376,0
DA:377,0
DA:378,0
DA:379,0
DA:380,0
DA:387,0
DA:388,0
DA:390,0
DA:391,0
DA:393,0
DA:394,0
DA:396,0
DA:397,0
DA:399,0
DA:400,0
DA:403,0
DA:404,0
DA:405,0
DA:407,0
DA:408,0
DA:409,0
DA:411,0
DA:412,0
DA:415,0
DA:416,0
DA:425,0
DA:427,0
DA:428,0
DA:431,0
DA:432,0
DA:434,0
DA:435,0
DA:437,0
DA:438,0
DA:440,0
DA:441,0
DA:443,0
DA:444,0
DA:446,0
DA:447,0
DA:449,0
DA:450,0
DA:453,0
DA:455,0
DA:458,0
DA:459,0
DA:460,0
DA:461,0
DA:464,0
DA:465,0
DA:466,0
DA:469,0
DA:470,0
DA:471,0
DA:472,0
DA:473,0
DA:474,0
DA:475,0
DA:476,0
DA:478,0
DA:479,0
DA:480,0
DA:481,0
DA:483,0
DA:485,0
DA:503,0
DA:505,0
DA:511,0
DA:512,0
DA:516,0
DA:517,0
DA:520,0
DA:521,0
DA:529,0
DA:530,0
DA:532,0
DA:533,0
DA:537,0
DA:538,0
DA:543,0
DA:546,0
DA:547,0
DA:548,0
DA:549,0
DA:550,0
DA:553,0
DA:554,0
DA:555,0
DA:556,0
DA:562,0
DA:563,0
DA:565,0
DA:566,0
DA:569,0
DA:570,0
DA:572,0
DA:581,0
DA:582,0
DA:583,0
DA:584,0
DA:585,0
DA:588,0
DA:589,0
DA:590,0
DA:591,0
DA:597,0
DA:598,0
DA:601,0
DA:602,0
DA:603,0
DA:604,0
DA:608,0
DA:609,0
DA:610,0
DA:614,0
DA:616,0
DA:618,0
DA:619,0
DA:620,0
DA:624,0
DA:625,0
DA:626,0
DA:627,0
DA:628,0
DA:631,0
DA:639,0
DA:644,0
DA:661,0
DA:662,0
DA:663,0
DA:665,0
DA:668,0
DA:671,0
DA:693,0
DA:717,0
LF:241
LH:0
BRDA:83,0,0,0
BRDA:135,1,0,0
BRDA:135,1,1,0
BRDA:139,2,0,0
BRDA:139,2,1,0
BRDA:154,3,0,0
BRDA:154,3,1,0
BRDA:180,4,0,0
BRDA:180,4,1,0
BRDA:183,5,0,0
BRDA:183,5,1,0
BRDA:186,6,0,0
BRDA:186,6,1,0
BRDA:190,7,0,0
BRDA:190,7,1,0
BRDA:202,8,0,0
BRDA:202,8,1,0
BRDA:202,9,0,0
BRDA:202,9,1,0
BRDA:202,9,2,0
BRDA:226,10,0,0
BRDA:226,10,1,0
BRDA:238,11,0,0
BRDA:238,11,1,0
BRDA:238,12,0,0
BRDA:238,12,1,0
BRDA:246,13,0,0
BRDA:246,13,1,0
BRDA:253,14,0,0
BRDA:253,14,1,0
BRDA:253,15,0,0
BRDA:253,15,1,0
BRDA:257,16,0,0
BRDA:257,16,1,0
BRDA:273,17,0,0
BRDA:273,17,1,0
BRDA:274,18,0,0
BRDA:274,18,1,0
BRDA:275,19,0,0
BRDA:275,19,1,0
BRDA:276,20,0,0
BRDA:276,20,1,0
BRDA:277,21,0,0
BRDA:277,21,1,0
BRDA:281,22,0,0
BRDA:281,22,1,0
BRDA:283,23,0,0
BRDA:283,23,1,0
BRDA:298,24,0,0
BRDA:298,24,1,0
BRDA:300,25,0,0
BRDA:300,25,1,0
BRDA:302,26,0,0
BRDA:302,26,1,0
BRDA:303,27,0,0
BRDA:303,27,1,0
BRDA:304,28,0,0
BRDA:304,28,1,0
BRDA:305,29,0,0
BRDA:305,29,1,0
BRDA:306,30,0,0
BRDA:306,30,1,0
BRDA:307,31,0,0
BRDA:307,31,1,0
BRDA:308,32,0,0
BRDA:308,32,1,0
BRDA:315,33,0,0
BRDA:315,33,1,0
BRDA:315,34,0,0
BRDA:315,34,1,0
BRDA:348,35,0,0
BRDA:348,35,1,0
BRDA:363,36,0,0
BRDA:363,36,1,0
BRDA:379,37,0,0
BRDA:379,37,1,0
BRDA:390,38,0,0
BRDA:390,38,1,0
BRDA:393,39,0,0
BRDA:393,39,1,0
BRDA:396,40,0,0
BRDA:396,40,1,0
BRDA:407,41,0,0
BRDA:407,41,1,0
BRDA:408,42,0,0
BRDA:408,42,1,0
BRDA:411,43,0,0
BRDA:411,43,1,0
BRDA:415,44,0,0
BRDA:415,44,1,0
BRDA:434,45,0,0
BRDA:434,45,1,0
BRDA:437,46,0,0
BRDA:437,46,1,0
BRDA:440,47,0,0
BRDA:440,47,1,0
BRDA:443,48,0,0
BRDA:443,48,1,0
BRDA:443,49,0,0
BRDA:443,49,1,0
BRDA:446,50,0,0
BRDA:446,50,1,0
BRDA:446,51,0,0
BRDA:446,51,1,0
BRDA:464,52,0,0
BRDA:464,52,1,0
BRDA:466,53,0,0
BRDA:466,53,1,0
BRDA:469,54,0,0
BRDA:469,54,1,0
BRDA:471,55,0,0
BRDA:471,55,1,0
BRDA:473,56,0,0
BRDA:473,56,1,0
BRDA:475,57,0,0
BRDA:475,57,1,0
BRDA:478,58,0,0
BRDA:478,58,1,0
BRDA:492,59,0,0
BRDA:492,59,1,0
BRDA:494,60,0,0
BRDA:494,60,1,0
BRDA:495,61,0,0
BRDA:495,61,1,0
BRDA:496,62,0,0
BRDA:496,62,1,0
BRDA:497,63,0,0
BRDA:497,63,1,0
BRDA:511,64,0,0
BRDA:511,64,1,0
BRDA:520,65,0,0
BRDA:520,65,1,0
BRDA:520,66,0,0
BRDA:520,66,1,0
BRDA:529,67,0,0
BRDA:529,67,1,0
BRDA:532,68,0,0
BRDA:532,68,1,0
BRDA:546,69,0,0
BRDA:546,69,1,0
BRDA:546,70,0,0
BRDA:546,70,1,0
BRDA:548,71,0,0
BRDA:548,71,1,0
BRDA:562,72,0,0
BRDA:562,72,1,0
BRDA:581,73,0,0
BRDA:581,73,1,0
BRDA:582,74,0,0
BRDA:582,74,1,0
BRDA:582,75,0,0
BRDA:582,75,1,0
BRDA:584,76,0,0
BRDA:584,76,1,0
BRDA:597,77,0,0
BRDA:597,77,1,0
BRDA:597,78,0,0
BRDA:597,78,1,0
BRDA:616,79,0,0
BRDA:619,80,0,0
BRDA:619,80,1,0
BRDA:689,81,0,0
BRDA:689,81,1,0
BRDA:701,82,0,0
BRDA:701,82,1,0
BRDA:726,83,0,0
BRDA:726,83,1,0
BRDA:733,84,0,0
BRDA:733,84,1,0
BRDA:741,85,0,0
BRDA:741,85,1,0
BRDA:748,86,0,0
BRDA:748,86,1,0
BRDA:760,87,0,0
BRDA:760,87,1,0
BRDA:766,88,0,0
BRDA:766,88,1,0
BRDA:770,89,0,0
BRDA:770,89,1,0
BRDA:771,90,0,0
BRDA:771,90,1,0
BRDA:779,91,0,0
BRDA:779,91,1,0
BRDA:779,91,2,0
BRDA:788,92,0,0
BRDA:788,92,1,0
BRDA:790,93,0,0
BRDA:790,93,1,0
BRDA:790,94,0,0
BRDA:790,94,1,0
BRF:190
BRH:0
end_of_record
TN:
SF:src\components\EnhancedInventoryDisplay.tsx
FN:36,(anonymous_0)
FN:44,(anonymous_1)
FN:45,(anonymous_2)
FN:64,(anonymous_3)
FN:89,(anonymous_4)
FN:107,(anonymous_5)
FN:114,(anonymous_6)
FN:119,(anonymous_7)
FN:130,(anonymous_8)
FN:140,(anonymous_9)
FN:141,(anonymous_10)
FN:157,(anonymous_11)
FN:173,(anonymous_12)
FN:195,(anonymous_13)
FN:206,(anonymous_14)
FN:216,(anonymous_15)
FN:277,(anonymous_16)
FN:295,(anonymous_17)
FN:346,(anonymous_18)
FNF:19
FNH:0
FNDA:0,(anonymous_0)
FNDA:0,(anonymous_1)
FNDA:0,(anonymous_2)
FNDA:0,(anonymous_3)
FNDA:0,(anonymous_4)
FNDA:0,(anonymous_5)
FNDA:0,(anonymous_6)
FNDA:0,(anonymous_7)
FNDA:0,(anonymous_8)
FNDA:0,(anonymous_9)
FNDA:0,(anonymous_10)
FNDA:0,(anonymous_11)
FNDA:0,(anonymous_12)
FNDA:0,(anonymous_13)
FNDA:0,(anonymous_14)
FNDA:0,(anonymous_15)
FNDA:0,(anonymous_16)
FNDA:0,(anonymous_17)
FNDA:0,(anonymous_18)
DA:36,0
DA:38,0
DA:40,0
DA:44,0
DA:45,0
DA:46,0
DA:47,0
DA:48,0
DA:54,0
DA:55,0
DA:57,0
DA:60,0
DA:64,0
DA:65,0
DA:76,0
DA:89,0
DA:93,0
DA:94,0
DA:95,0
DA:96,0
DA:97,0
DA:98,0
DA:99,0
DA:100,0
DA:101,0
DA:102,0
DA:103,0
DA:104,0
DA:107,0
DA:108,0
DA:109,0
DA:114,0
DA:115,0
DA:118,0
DA:119,0
DA:121,0
DA:122,0
DA:123,0
DA:125,0
DA:130,0
DA:131,0
DA:132,0
DA:133,0
DA:135,0
DA:140,0
DA:141,0
DA:142,0
DA:143,0
DA:144,0
DA:145,0
DA:147,0
DA:150,0
DA:153,0
DA:157,0
DA:158,0
DA:160,0
DA:161,0
DA:162,0
DA:164,0
DA:165,0
DA:166,0
DA:167,0
DA:168,0
DA:173,0
DA:175,0
DA:176,0
DA:179,0
DA:180,0
DA:183,0
DA:192,0
DA:195,0
DA:196,0
DA:197,0
DA:198,0
DA:202,0
DA:205,0
DA:206,0
DA:207,0
DA:211,0
DA:212,0
DA:216,0
DA:218,0
DA:219,0
DA:222,0
DA:225,0
DA:227,0
DA:228,0
DA:229,0
DA:233,0
DA:234,0
DA:235,0
DA:236,0
DA:240,0
DA:249,0
DA:250,0
DA:252,0
DA:253,0
DA:257,0
DA:259,0
DA:277,0
DA:298,0
DA:303,0
DA:306,0
DA:308,0
DA:310,0
DA:347,0
DA:349,0
DA:350,0
DA:351,0
DA:352,0
DA:354,0
LF:111
LH:0
BRDA:38,0,0,0
BRDA:38,0,1,0
BRDA:47,1,0,0
BRDA:47,1,1,0
BRDA:76,2,0,0
BRDA:76,2,1,0
BRDA:103,3,0,0
BRDA:103,3,1,0
BRDA:108,4,0,0
BRDA:108,4,1,0
BRDA:118,5,0,0
BRDA:118,5,1,0
BRDA:131,6,0,0
BRDA:131,6,1,0
BRDA:144,7,0,0
BRDA:144,7,1,0
BRDA:158,8,0,0
BRDA:158,8,1,0
BRDA:164,9,0,0
BRDA:164,9,1,0
BRDA:179,10,0,0
BRDA:179,10,1,0
BRDA:180,11,0,0
BRDA:180,11,1,0
BRDA:205,12,0,0
BRDA:205,12,1,0
BRDA:211,13,0,0
BRDA:211,13,1,0
BRDA:218,14,0,0
BRDA:218,14,1,0
BRDA:218,15,0,0
BRDA:218,15,1,0
BRDA:219,16,0,0
BRDA:219,16,1,0
BRDA:225,17,0,0
BRDA:225,17,1,0
BRDA:228,18,0,0
BRDA:228,18,1,0
BRDA:235,19,0,0
BRDA:235,19,1,0
BRDA:257,20,0,0
BRDA:257,20,1,0
BRDA:261,21,0,0
BRDA:261,21,1,0
BRDA:266,22,0,0
BRDA:266,22,1,0
BRDA:270,23,0,0
BRDA:270,23,1,0
BRDA:284,24,0,0
BRDA:284,24,1,0
BRDA:298,25,0,0
BRDA:298,25,1,0
BRDA:298,26,0,0
BRDA:298,26,1,0
BRDA:341,27,0,0
BRDA:341,27,1,0
BRDA:341,28,0,0
BRDA:341,28,1,0
BRDA:351,29,0,0
BRDA:351,29,1,0
BRDA:354,30,0,0
BRDA:354,30,1,0
BRDA:369,31,0,0
BRDA:369,31,1,0
BRDA:369,32,0,0
BRDA:369,32,1,0
BRDA:454,33,0,0
BRDA:454,33,1,0
BRDA:502,34,0,0
BRDA:502,34,1,0
BRDA:512,35,0,0
BRDA:512,35,1,0
BRDA:534,36,0,0
BRDA:534,36,1,0
BRF:74
BRH:0
end_of_record
TN:
SF:src\components\InventorySection.tsx
FN:29,(anonymous_0)
FN:33,(anonymous_1)
FN:71,(anonymous_2)
FNF:3
FNH:0
FNDA:0,(anonymous_0)
FNDA:0,(anonymous_1)
FNDA:0,(anonymous_2)
DA:29,0
DA:30,0
DA:33,0
DA:34,0
DA:37,0
DA:38,0
DA:45,0
DA:74,0
DA:75,0
DA:76,0
LF:10
LH:0
BRDA:30,0,0,0
BRDA:30,0,1,0
BRDA:37,1,0,0
BRDA:37,1,1,0
BRDA:85,2,0,0
BRDA:85,2,1,0
BRDA:92,3,0,0
BRDA:92,3,1,0
BRF:8
BRH:0
end_of_record
TN:
SF:src\components\Layout.tsx
FN:14,(anonymous_0)
FNF:1
FNH:0
FNDA:0,(anonymous_0)
DA:14,0
DA:15,0
DA:16,0
DA:18,0
DA:21,0
DA:24,0
LF:6
LH:0
BRDA:18,0,0,0
BRDA:18,0,1,0
BRF:2
BRH:0
end_of_record
TN:
SF:src\components\MetricsCard.tsx
FN:35,(anonymous_0)
FN:77,(anonymous_1)
FN:80,(anonymous_2)
FN:88,(anonymous_3)
FN:93,(anonymous_4)
FN:98,(anonymous_5)
FN:99,(anonymous_6)
FNF:7
FNH:0
FNDA:0,(anonymous_0)
FNDA:0,(anonymous_1)
FNDA:0,(anonymous_2)
FNDA:0,(anonymous_3)
FNDA:0,(anonymous_4)
FNDA:0,(anonymous_5)
FNDA:0,(anonymous_6)
DA:35,0
DA:45,0
DA:46,0
DA:49,0
DA:53,0
DA:54,0
DA:55,0
DA:56,0
DA:58,0
DA:59,0
DA:61,0
DA:62,0
DA:67,0
DA:71,0
DA:77,0
DA:80,0
DA:88,0
DA:93,0
DA:98,0
DA:99,0
DA:102,0
LF:21
LH:0
BRDA:41,0,0,0
BRDA:42,1,0,0
BRDA:43,2,0,0
BRDA:49,3,0,0
BRDA:49,3,1,0
BRDA:49,4,0,0
BRDA:49,4,1,0
BRDA:54,5,0,0
BRDA:54,5,1,0
BRDA:54,6,0,0
BRDA:54,6,1,0
BRDA:55,7,0,0
BRDA:55,7,1,0
BRDA:55,8,0,0
BRDA:55,8,1,0
BRDA:56,9,0,0
BRDA:56,9,1,0
BRDA:61,10,0,0
BRDA:61,10,1,0
BRDA:61,11,0,0
BRDA:61,11,1,0
BRDA:67,12,0,0
BRDA:67,12,1,0
BRDA:67,13,0,0
BRDA:67,13,1,0
BRDA:71,14,0,0
BRDA:71,14,1,0
BRDA:71,15,0,0
BRDA:71,15,1,0
BRDA:99,16,0,0
BRDA:99,16,1,0
BRDA:115,17,0,0
BRDA:115,17,1,0
BRDA:117,18,0,0
BRDA:117,18,1,0
BRDA:129,19,0,0
BRDA:129,19,1,0
BRDA:131,20,0,0
BRDA:131,20,1,0
BRDA:138,21,0,0
BRDA:138,21,1,0
BRDA:138,22,0,0
BRDA:138,22,1,0
BRF:43
BRH:0
end_of_record
TN:
SF:src\components\PortfolioValue.tsx
FN:48,(anonymous_0)
FN:92,(anonymous_1)
FN:183,(anonymous_2)
FNF:3
FNH:0
FNDA:0,(anonymous_0)
FNDA:0,(anonymous_1)
FNDA:0,(anonymous_2)
DA:29,0
DA:48,0
DA:49,0
DA:50,0
DA:52,0
DA:54,0
DA:57,0
DA:62,0
DA:67,0
DA:70,0
DA:89,0
DA:92,0
DA:93,0
DA:94,0
DA:95,0
DA:96,0
DA:98,0
DA:101,0
DA:102,0
DA:113,0
DA:114,0
DA:118,0
DA:119,0
DA:128,0
DA:184,0
DA:186,0
DA:187,0
DA:188,0
DA:189,0
DA:191,0
LF:30
LH:0
BRDA:52,0,0,0
BRDA:52,0,1,0
BRDA:52,1,0,0
BRDA:52,1,1,0
BRDA:52,1,2,0
BRDA:54,2,0,0
BRDA:54,2,1,0
BRDA:57,3,0,0
BRDA:57,3,1,0
BRDA:62,4,0,0
BRDA:62,4,1,0
BRDA:62,5,0,0
BRDA:62,5,1,0
BRDA:63,6,0,0
BRDA:63,6,1,0
BRDA:64,7,0,0
BRDA:64,7,1,0
BRDA:67,8,0,0
BRDA:67,8,1,0
BRDA:67,9,0,0
BRDA:67,9,1,0
BRDA:98,10,0,0
BRDA:98,10,1,0
BRDA:101,11,0,0
BRDA:101,11,1,0
BRDA:113,12,0,0
BRDA:113,12,1,0
BRDA:118,13,0,0
BRDA:118,13,1,0
BRDA:143,14,0,0
BRDA:143,14,1,0
BRDA:144,15,0,0
BRDA:144,15,1,0
BRDA:150,16,0,0
BRDA:150,16,1,0
BRDA:156,17,0,0
BRDA:156,17,1,0
BRDA:184,18,0,0
BRDA:184,18,1,0
BRDA:186,19,0,0
BRDA:186,19,1,0
BRDA:188,20,0,0
BRDA:188,20,1,0
BRF:43
BRH:0
end_of_record
TN:
SF:src\components\ReportsSection.tsx
FN:29,isEqual
FN:67,ReportsSection
FN:84,(anonymous_2)
FN:106,(anonymous_3)
FN:126,(anonymous_4)
FN:198,(anonymous_5)
FN:234,(anonymous_6)
FN:241,(anonymous_7)
FN:245,(anonymous_8)
FN:249,(anonymous_9)
FN:250,(anonymous_10)
FN:260,(anonymous_11)
FN:261,(anonymous_12)
FN:265,(anonymous_13)
FN:267,(anonymous_14)
FN:268,(anonymous_15)
FN:273,(anonymous_16)
FN:284,(anonymous_17)
FN:306,(anonymous_18)
FN:317,(anonymous_19)
FN:323,(anonymous_20)
FN:395,(anonymous_21)
FN:403,(anonymous_22)
FN:408,(anonymous_23)
FN:412,(anonymous_24)
FN:416,(anonymous_25)
FN:420,(anonymous_26)
FN:426,(anonymous_27)
FN:437,(anonymous_28)
FN:445,(anonymous_29)
FN:460,(anonymous_30)
FN:477,(anonymous_31)
FN:489,(anonymous_32)
FN:496,(anonymous_33)
FN:499,(anonymous_34)
FN:507,(anonymous_35)
FN:518,(anonymous_36)
FN:523,(anonymous_37)
FN:528,(anonymous_38)
FN:539,(anonymous_39)
FN:548,(anonymous_40)
FN:559,(anonymous_41)
FN:599,(anonymous_42)
FN:634,(anonymous_43)
FN:635,(anonymous_44)
FN:674,(anonymous_45)
FN:712,(anonymous_46)
FN:718,(anonymous_47)
FN:744,(anonymous_48)
FN:748,(anonymous_49)
FN:769,(anonymous_50)
FN:777,(anonymous_51)
FN:783,(anonymous_52)
FN:785,(anonymous_53)
FN:793,(anonymous_54)
FN:794,(anonymous_55)
FN:795,(anonymous_56)
FN:796,(anonymous_57)
FN:816,(anonymous_58)
FN:825,(anonymous_59)
FN:828,(anonymous_60)
FNF:61
FNH:0
FNDA:0,isEqual
FNDA:0,ReportsSection
FNDA:0,(anonymous_2)
FNDA:0,(anonymous_3)
FNDA:0,(anonymous_4)
FNDA:0,(anonymous_5)
FNDA:0,(anonymous_6)
FNDA:0,(anonymous_7)
FNDA:0,(anonymous_8)
FNDA:0,(anonymous_9)
FNDA:0,(anonymous_10)
FNDA:0,(anonymous_11)
FNDA:0,(anonymous_12)
FNDA:0,(anonymous_13)
FNDA:0,(anonymous_14)
FNDA:0,(anonymous_15)
FNDA:0,(anonymous_16)
FNDA:0,(anonymous_17)
FNDA:0,(anonymous_18)
FNDA:0,(anonymous_19)
FNDA:0,(anonymous_20)
FNDA:0,(anonymous_21)
FNDA:0,(anonymous_22)
FNDA:0,(anonymous_23)
FNDA:0,(anonymous_24)
FNDA:0,(anonymous_25)
FNDA:0,(anonymous_26)
FNDA:0,(anonymous_27)
FNDA:0,(anonymous_28)
FNDA:0,(anonymous_29)
FNDA:0,(anonymous_30)
FNDA:0,(anonymous_31)
FNDA:0,(anonymous_32)
FNDA:0,(anonymous_33)
FNDA:0,(anonymous_34)
FNDA:0,(anonymous_35)
FNDA:0,(anonymous_36)
FNDA:0,(anonymous_37)
FNDA:0,(anonymous_38)
FNDA:0,(anonymous_39)
FNDA:0,(anonymous_40)
FNDA:0,(anonymous_41)
FNDA:0,(anonymous_42)
FNDA:0,(anonymous_43)
FNDA:0,(anonymous_44)
FNDA:0,(anonymous_45)
FNDA:0,(anonymous_46)
FNDA:0,(anonymous_47)
FNDA:0,(anonymous_48)
FNDA:0,(anonymous_49)
FNDA:0,(anonymous_50)
FNDA:0,(anonymous_51)
FNDA:0,(anonymous_52)
FNDA:0,(anonymous_53)
FNDA:0,(anonymous_54)
FNDA:0,(anonymous_55)
FNDA:0,(anonymous_56)
FNDA:0,(anonymous_57)
FNDA:0,(anonymous_58)
FNDA:0,(anonymous_59)
FNDA:0,(anonymous_60)
DA:30,0
DA:31,0
DA:32,0
DA:34,0
DA:35,0
DA:37,0
DA:39,0
DA:40,0
DA:41,0
DA:44,0
DA:67,0
DA:75,0
DA:76,0
DA:77,0
DA:80,0
DA:81,0
DA:84,0
DA:85,0
DA:86,0
DA:87,0
DA:94,0
DA:95,0
DA:99,0
DA:100,0
DA:101,0
DA:102,0
DA:103,0
DA:106,0
DA:111,0
DA:118,0
DA:126,0
DA:128,0
DA:129,0
DA:132,0
DA:133,0
DA:134,0
DA:137,0
DA:138,0
DA:139,0
DA:143,0
DA:144,0
DA:145,0
DA:146,0
DA:148,0
DA:154,0
DA:155,0
DA:161,0
DA:162,0
DA:164,0
DA:165,0
DA:169,0
DA:170,0
DA:172,0
DA:176,0
DA:183,0
DA:185,0
DA:187,0
DA:188,0
DA:189,0
DA:194,0
DA:198,0
DA:199,0
DA:202,0
DA:203,0
DA:204,0
DA:207,0
DA:216,0
DA:220,0
DA:221,0
DA:222,0
DA:225,0
DA:226,0
DA:230,0
DA:231,0
DA:234,0
DA:235,0
DA:236,0
DA:237,0
DA:241,0
DA:245,0
DA:246,0
DA:249,0
DA:250,0
DA:251,0
DA:252,0
DA:253,0
DA:254,0
DA:255,0
DA:256,0
DA:259,0
DA:260,0
DA:261,0
DA:265,0
DA:266,0
DA:267,0
DA:268,0
DA:269,0
DA:270,0
DA:273,0
DA:284,0
DA:285,0
DA:306,0
DA:317,0
DA:323,0
DA:395,0
DA:396,0
DA:397,0
DA:399,0
DA:403,0
DA:405,0
DA:408,0
DA:409,0
DA:412,0
DA:413,0
DA:416,0
DA:417,0
DA:420,0
DA:422,0
DA:426,0
DA:427,0
DA:439,0
DA:445,0
DA:451,0
DA:460,0
DA:477,0
DA:478,0
DA:479,0
DA:482,0
DA:484,0
DA:490,0
DA:496,0
DA:499,0
DA:507,0
DA:518,0
DA:523,0
DA:528,0
DA:529,0
DA:531,0
DA:532,0
DA:536,0
DA:539,0
DA:547,0
DA:548,0
DA:549,0
DA:550,0
DA:551,0
DA:552,0
DA:554,0
DA:559,0
DA:599,0
DA:600,0
DA:603,0
DA:604,0
DA:607,0
DA:608,0
DA:611,0
DA:612,0
DA:613,0
DA:618,0
DA:619,0
DA:620,0
DA:634,0
DA:635,0
DA:674,0
DA:684,0
DA:685,0
DA:687,0
DA:688,0
DA:692,0
DA:694,0
DA:714,0
DA:718,0
DA:719,0
DA:721,0
DA:723,0
DA:726,0
DA:744,0
DA:745,0
DA:748,0
DA:749,0
DA:756,0
DA:757,0
DA:760,0
DA:761,0
DA:762,0
DA:768,0
DA:769,0
DA:770,0
DA:771,0
DA:774,0
DA:777,0
DA:778,0
DA:783,0
DA:785,0
DA:786,0
DA:789,0
DA:790,0
DA:791,0
DA:792,0
DA:793,0
DA:794,0
DA:795,0
DA:796,0
DA:797,0
DA:798,0
DA:799,0
DA:800,0
DA:804,0
DA:816,0
DA:826,0
DA:829,0
DA:830,0
LF:212
LH:0
BRDA:30,0,0,0
BRDA:30,0,1,0
BRDA:31,1,0,0
BRDA:31,1,1,0
BRDA:31,2,0,0
BRDA:31,2,1,0
BRDA:32,3,0,0
BRDA:32,3,1,0
BRDA:32,4,0,0
BRDA:32,4,1,0
BRDA:37,5,0,0
BRDA:37,5,1,0
BRDA:40,6,0,0
BRDA:40,6,1,0
BRDA:41,7,0,0
BRDA:41,7,1,0
BRDA:80,8,0,0
BRDA:80,8,1,0
BRDA:81,9,0,0
BRDA:81,9,1,0
BRDA:94,10,0,0
BRDA:94,10,1,0
BRDA:107,11,0,0
BRDA:107,11,1,0
BRDA:108,12,0,0
BRDA:108,12,1,0
BRDA:114,13,0,0
BRDA:114,13,1,0
BRDA:114,14,0,0
BRDA:114,14,1,0
BRDA:132,15,0,0
BRDA:132,15,1,0
BRDA:132,16,0,0
BRDA:132,16,1,0
BRDA:137,17,0,0
BRDA:137,17,1,0
BRDA:156,18,0,0
BRDA:156,18,1,0
BRDA:157,19,0,0
BRDA:157,19,1,0
BRDA:164,20,0,0
BRDA:164,20,1,0
BRDA:166,21,0,0
BRDA:166,21,1,0
BRDA:167,22,0,0
BRDA:167,22,1,0
BRDA:199,23,0,0
BRDA:199,23,1,0
BRDA:202,24,0,0
BRDA:202,24,1,0
BRDA:202,25,0,0
BRDA:202,25,1,0
BRDA:209,26,0,0
BRDA:209,26,1,0
BRDA:210,27,0,0
BRDA:210,27,1,0
BRDA:216,28,0,0
BRDA:216,28,1,0
BRDA:220,29,0,0
BRDA:220,29,1,0
BRDA:220,30,0,0
BRDA:220,30,1,0
BRDA:235,31,0,0
BRDA:235,31,1,0
BRDA:235,32,0,0
BRDA:235,32,1,0
BRDA:252,33,0,0
BRDA:252,33,1,0
BRDA:253,34,0,0
BRDA:253,34,1,0
BRDA:254,35,0,0
BRDA:254,35,1,0
BRDA:255,36,0,0
BRDA:255,36,1,0
BRDA:256,37,0,0
BRDA:256,37,1,0
BRDA:267,38,0,0
BRDA:267,38,1,0
BRDA:267,39,0,0
BRDA:267,39,1,0
BRDA:267,40,0,0
BRDA:267,40,1,0
BRDA:268,41,0,0
BRDA:268,41,1,0
BRDA:275,42,0,0
BRDA:275,42,1,0
BRDA:277,43,0,0
BRDA:277,43,1,0
BRDA:278,44,0,0
BRDA:278,44,1,0
BRDA:286,45,0,0
BRDA:286,45,1,0
BRDA:287,46,0,0
BRDA:287,46,1,0
BRDA:288,47,0,0
BRDA:288,47,1,0
BRDA:289,48,0,0
BRDA:289,48,1,0
BRDA:290,49,0,0
BRDA:290,49,1,0
BRDA:291,50,0,0
BRDA:291,50,1,0
BRDA:292,51,0,0
BRDA:292,51,1,0
BRDA:293,52,0,0
BRDA:293,52,1,0
BRDA:294,53,0,0
BRDA:294,53,1,0
BRDA:396,54,0,0
BRDA:396,54,1,0
BRDA:439,55,0,0
BRDA:439,55,1,0
BRDA:439,55,2,0
BRDA:470,56,0,0
BRDA:470,56,1,0
BRDA:478,57,0,0
BRDA:478,57,1,0
BRDA:478,58,0,0
BRDA:478,58,1,0
BRDA:478,58,2,0
BRDA:491,59,0,0
BRDA:491,59,1,0
BRDA:531,60,0,0
BRDA:531,60,1,0
BRDA:531,61,0,0
BRDA:531,61,1,0
BRDA:540,62,0,0
BRDA:540,62,1,0
BRDA:541,63,0,0
BRDA:541,63,1,0
BRDA:542,64,0,0
BRDA:542,64,1,0
BRDA:543,65,0,0
BRDA:543,65,1,0
BRDA:550,66,0,0
BRDA:550,66,1,0
BRDA:600,67,0,0
BRDA:600,67,1,0
BRDA:600,68,0,0
BRDA:600,68,1,0
BRDA:618,69,0,0
BRDA:618,69,1,0
BRDA:618,70,0,0
BRDA:618,70,1,0
BRDA:687,71,0,0
BRDA:687,71,1,0
BRDA:687,72,0,0
BRDA:687,72,1,0
BRDA:721,73,0,0
BRDA:721,73,1,0
BRDA:721,74,0,0
BRDA:721,74,1,0
BRDA:756,75,0,0
BRDA:756,75,1,0
BRDA:757,76,0,0
BRDA:757,76,1,0
BRDA:757,76,2,0
BRDA:760,77,0,0
BRDA:760,77,1,0
BRDA:790,78,0,0
BRDA:790,78,1,0
BRDA:790,79,0,0
BRDA:790,79,1,0
BRDA:793,80,0,0
BRDA:793,80,1,0
BRDA:794,81,0,0
BRDA:794,81,1,0
BRDA:795,82,0,0
BRDA:795,82,1,0
BRDA:796,83,0,0
BRDA:796,83,1,0
BRDA:806,84,0,0
BRDA:806,84,1,0
BRDA:812,85,0,0
BRDA:812,85,1,0
BRDA:812,85,2,0
BRDA:812,85,3,0
BRDA:815,86,0,0
BRDA:815,86,1,0
BRDA:829,87,0,0
BRDA:829,87,1,0
BRDA:829,88,0,0
BRDA:829,88,1,0
BRDA:835,89,0,0
BRDA:835,89,1,0
BRDA:835,90,0,0
BRDA:835,90,1,0
BRDA:836,91,0,0
BRDA:836,91,1,0
BRDA:836,92,0,0
BRDA:836,92,1,0
BRDA:836,92,2,0
BRF:192
BRH:0
end_of_record
TN:
SF:src\components\SettingsDemo.tsx
FN:19,(anonymous_0)
FNF:1
FNH:0
FNDA:0,(anonymous_0)
DA:19,0
DA:20,0
DA:21,0
DA:22,0
DA:25,0
DA:26,0
DA:27,0
DA:28,0
DA:30,0
LF:9
LH:0
BRDA:49,0,0,0
BRDA:49,0,1,0
BRDA:53,1,0,0
BRDA:53,1,1,0
BRF:4
BRH:0
end_of_record
TN:
SF:src\components\SettingsTest.tsx
FN:10,(anonymous_0)
FN:19,(anonymous_1)
FN:20,(anonymous_2)
FN:28,(anonymous_3)
FNF:4
FNH:0
FNDA:0,(anonymous_0)
FNDA:0,(anonymous_1)
FNDA:0,(anonymous_2)
FNDA:0,(anonymous_3)
DA:10,0
DA:11,0
DA:12,0
DA:13,0
DA:15,0
DA:16,0
DA:19,0
DA:20,0
DA:22,0
DA:23,0
DA:28,0
DA:29,0
DA:30,0
DA:31,0
DA:33,0
DA:35,0
DA:39,0
LF:17
LH:0
BRDA:74,0,0,0
BRDA:74,0,1,0
BRDA:81,1,0,0
BRDA:81,1,1,0
BRDA:84,2,0,0
BRDA:84,2,1,0
BRF:6
BRH:0
end_of_record
TN:
SF:src\components\Sidebar.tsx
FN:36,(anonymous_0)
FN:55,(anonymous_1)
FN:107,(anonymous_2)
FN:112,(anonymous_3)
FNF:4
FNH:0
FNDA:0,(anonymous_0)
FNDA:0,(anonymous_1)
FNDA:0,(anonymous_2)
FNDA:0,(anonymous_3)
DA:36,0
DA:37,0
DA:38,0
DA:39,0
DA:42,0
DA:51,0
DA:52,0
DA:55,0
DA:56,0
DA:60,0
DA:61,0
DA:64,0
DA:108,0
DA:112,0
LF:14
LH:0
BRDA:39,0,0,0
BRDA:39,0,1,0
BRDA:51,1,0,0
BRDA:51,1,1,0
BRDA:51,2,0,0
BRDA:51,2,1,0
BRDA:60,3,0,0
BRDA:60,3,1,0
BRDA:60,4,0,0
BRDA:60,4,1,0
BRDA:69,5,0,0
BRDA:69,5,1,0
BRDA:100,6,0,0
BRDA:100,6,1,0
BRDA:137,7,0,0
BRDA:137,7,1,0
BRDA:151,8,0,0
BRDA:151,8,1,0
BRDA:152,9,0,0
BRDA:152,9,1,0
BRDA:159,10,0,0
BRDA:159,10,1,0
BRF:22
BRH:0
end_of_record
TN:
SF:src\components\AddItem\ImagesUploadForm.tsx
FN:25,(anonymous_0)
FN:42,(anonymous_1)
FN:58,(anonymous_2)
FN:70,(anonymous_3)
FN:72,(anonymous_4)
FN:94,(anonymous_5)
FN:96,(anonymous_6)
FN:107,(anonymous_7)
FN:147,(anonymous_8)
FN:165,(anonymous_9)
FN:198,(anonymous_10)
FN:215,(anonymous_11)
FN:240,(anonymous_12)
FN:256,(anonymous_13)
FN:267,(anonymous_14)
FN:312,(anonymous_15)
FN:336,(anonymous_16)
FN:360,(anonymous_17)
FN:421,(anonymous_18)
FN:465,(anonymous_19)
FN:480,(anonymous_20)
FN:496,(anonymous_21)
FN:521,(anonymous_22)
FN:550,(anonymous_23)
FNF:24
FNH:0
FNDA:0,(anonymous_0)
FNDA:0,(anonymous_1)
FNDA:0,(anonymous_2)
FNDA:0,(anonymous_3)
FNDA:0,(anonymous_4)
FNDA:0,(anonymous_5)
FNDA:0,(anonymous_6)
FNDA:0,(anonymous_7)
FNDA:0,(anonymous_8)
FNDA:0,(anonymous_9)
FNDA:0,(anonymous_10)
FNDA:0,(anonymous_11)
FNDA:0,(anonymous_12)
FNDA:0,(anonymous_13)
FNDA:0,(anonymous_14)
FNDA:0,(anonymous_15)
FNDA:0,(anonymous_16)
FNDA:0,(anonymous_17)
FNDA:0,(anonymous_18)
FNDA:0,(anonymous_19)
FNDA:0,(anonymous_20)
FNDA:0,(anonymous_21)
FNDA:0,(anonymous_22)
FNDA:0,(anonymous_23)
DA:25,0
DA:26,0
DA:27,0
DA:30,0
DA:31,0
DA:42,0
DA:49,0
DA:51,0
DA:52,0
DA:55,0
DA:58,0
DA:59,0
DA:60,0
DA:65,0
DA:69,0
DA:72,0
DA:73,0
DA:80,0
DA:85,0
DA:94,0
DA:96,0
DA:99,0
DA:100,0
DA:103,0
DA:107,0
DA:108,0
DA:110,0
DA:111,0
DA:112,0
DA:116,0
DA:118,0
DA:122,0
DA:125,0
DA:126,0
DA:130,0
DA:133,0
DA:134,0
DA:135,0
DA:139,0
DA:140,0
DA:143,0
DA:147,0
DA:149,0
DA:150,0
DA:151,0
DA:154,0
DA:156,0
DA:159,0
DA:160,0
DA:161,0
DA:165,0
DA:168,0
DA:171,0
DA:172,0
DA:173,0
DA:177,0
DA:178,0
DA:181,0
DA:185,0
DA:199,0
DA:218,0
DA:219,0
DA:223,0
DA:225,0
DA:230,0
DA:241,0
DA:242,0
DA:245,0
DA:246,0
DA:255,0
DA:257,0
DA:268,0
DA:274,0
DA:278,0
DA:279,0
DA:283,0
DA:312,0
DA:336,0
DA:360,0
DA:422,0
DA:465,0
DA:480,0
DA:496,0
DA:522,0
DA:550,0
LF:85
LH:0
BRDA:26,0,0,0
BRDA:26,0,1,0
BRDA:27,1,0,0
BRDA:27,1,1,0
BRDA:46,2,0,0
BRDA:52,3,0,0
BRDA:52,3,1,0
BRDA:59,4,0,0
BRDA:59,4,1,0
BRDA:59,5,0,0
BRDA:59,5,1,0
BRDA:99,6,0,0
BRDA:99,6,1,0
BRDA:110,7,0,0
BRDA:110,7,1,0
BRDA:110,8,0,0
BRDA:110,8,1,0
BRDA:116,9,0,0
BRDA:116,9,1,0
BRDA:116,10,0,0
BRDA:116,10,1,0
BRDA:116,10,2,0
BRDA:116,10,3,0
BRDA:122,11,0,0
BRDA:122,11,1,0
BRDA:133,12,0,0
BRDA:133,12,1,0
BRDA:139,13,0,0
BRDA:139,13,1,0
BRDA:149,14,0,0
BRDA:149,14,1,0
BRDA:159,15,0,0
BRDA:159,15,1,0
BRDA:159,16,0,0
BRDA:159,16,1,0
BRDA:171,17,0,0
BRDA:171,17,1,0
BRDA:177,18,0,0
BRDA:177,18,1,0
BRDA:192,19,0,0
BRDA:192,19,1,0
BRDA:218,20,0,0
BRDA:218,20,1,0
BRDA:245,21,0,0
BRDA:245,21,1,0
BRDA:278,22,0,0
BRDA:278,22,1,0
BRDA:288,23,0,0
BRDA:288,23,1,0
BRDA:386,24,0,0
BRDA:386,24,1,0
BRDA:390,25,0,0
BRDA:390,25,1,0
BRDA:399,26,0,0
BRDA:399,26,1,0
BRDA:402,27,0,0
BRDA:402,27,1,0
BRDA:409,28,0,0
BRDA:409,28,1,0
BRDA:414,29,0,0
BRDA:414,29,1,0
BRDA:431,30,0,0
BRDA:431,30,1,0
BRDA:439,31,0,0
BRDA:439,31,1,0
BRDA:477,32,0,0
BRDA:477,32,1,0
BRDA:493,33,0,0
BRDA:493,33,1,0
BRDA:515,34,0,0
BRDA:515,34,1,0
BRDA:538,35,0,0
BRDA:538,35,1,0
BRDA:575,36,0,0
BRDA:575,36,1,0
BRDA:575,36,2,0
BRF:76
BRH:0
end_of_record
TN:
SF:src\components\AddItem\ProductDetailsForm.tsx
FN:40,(anonymous_0)
FN:54,(anonymous_1)
FN:56,(anonymous_2)
FN:70,(anonymous_3)
FN:81,(anonymous_4)
FN:92,(anonymous_5)
FN:103,(anonymous_6)
FNF:7
FNH:0
FNDA:0,(anonymous_0)
FNDA:0,(anonymous_1)
FNDA:0,(anonymous_2)
FNDA:0,(anonymous_3)
FNDA:0,(anonymous_4)
FNDA:0,(anonymous_5)
FNDA:0,(anonymous_6)
DA:29,0
DA:40,0
DA:45,0
DA:54,0
DA:57,0
DA:70,0
DA:81,0
DA:92,0
DA:103,0
LF:9
LH:0
BRF:0
BRH:0
end_of_record
TN:
SF:src\components\AddItem\PurchaseDetailsForm.tsx
FN:54,(anonymous_0)
FN:61,(anonymous_1)
FN:68,(anonymous_2)
FN:85,(anonymous_3)
FN:86,(anonymous_4)
FN:104,(anonymous_5)
FN:110,(anonymous_6)
FN:122,(anonymous_7)
FN:143,(anonymous_8)
FN:170,(anonymous_9)
FN:184,(anonymous_10)
FN:186,(anonymous_11)
FN:196,(anonymous_12)
FN:211,(anonymous_13)
FN:213,(anonymous_14)
FN:223,(anonymous_15)
FN:241,(anonymous_16)
FN:259,(anonymous_17)
FN:270,(anonymous_18)
FN:272,(anonymous_19)
FN:287,(anonymous_20)
FN:312,(anonymous_21)
FNF:22
FNH:0
FNDA:0,(anonymous_0)
FNDA:0,(anonymous_1)
FNDA:0,(anonymous_2)
FNDA:0,(anonymous_3)
FNDA:0,(anonymous_4)
FNDA:0,(anonymous_5)
FNDA:0,(anonymous_6)
FNDA:0,(anonymous_7)
FNDA:0,(anonymous_8)
FNDA:0,(anonymous_9)
FNDA:0,(anonymous_10)
FNDA:0,(anonymous_11)
FNDA:0,(anonymous_12)
FNDA:0,(anonymous_13)
FNDA:0,(anonymous_14)
FNDA:0,(anonymous_15)
FNDA:0,(anonymous_16)
FNDA:0,(anonymous_17)
FNDA:0,(anonymous_18)
FNDA:0,(anonymous_19)
FNDA:0,(anonymous_20)
FNDA:0,(anonymous_21)
DA:44,0
DA:46,0
DA:54,0
DA:59,0
DA:61,0
DA:62,0
DA:63,0
DA:64,0
DA:68,0
DA:69,0
DA:70,0
DA:72,0
DA:73,0
DA:74,0
DA:77,0
DA:78,0
DA:79,0
DA:82,0
DA:85,0
DA:86,0
DA:87,0
DA:89,0
DA:90,0
DA:91,0
DA:92,0
DA:94,0
DA:95,0
DA:99,0
DA:104,0
DA:110,0
DA:122,0
DA:143,0
DA:161,0
DA:170,0
DA:184,0
DA:187,0
DA:196,0
DA:211,0
DA:214,0
DA:223,0
DA:241,0
DA:259,0
DA:270,0
DA:273,0
DA:287,0
DA:312,0
LF:46
LH:0
BRDA:62,0,0,0
BRDA:62,0,1,0
BRDA:62,1,0,0
BRDA:62,1,1,0
BRDA:69,2,0,0
BRDA:69,2,1,0
BRDA:72,3,0,0
BRDA:72,3,1,0
BRDA:72,4,0,0
BRDA:72,4,1,0
BRDA:77,5,0,0
BRDA:77,5,1,0
BRDA:77,6,0,0
BRDA:77,6,1,0
BRDA:89,7,0,0
BRDA:89,7,1,0
BRDA:91,8,0,0
BRDA:91,8,1,0
BRDA:103,9,0,0
BRDA:103,9,1,0
BRDA:104,10,0,0
BRDA:104,10,1,0
BRDA:109,11,0,0
BRDA:109,11,1,0
BRDA:110,12,0,0
BRDA:110,12,1,0
BRDA:116,13,0,0
BRDA:116,13,1,0
BRDA:137,14,0,0
BRDA:137,14,1,0
BRF:30
BRH:0
end_of_record
TN:
SF:src\components\AddItem\RecoveryDialog.tsx
FN:21,(anonymous_0)
FNF:1
FNH:0
FNDA:0,(anonymous_0)
DA:21,0
DA:26,0
LF:2
LH:0
BRF:0
BRH:0
end_of_record
TN:
SF:src\components\AddItem\SizesQuantityForm.tsx
FN:80,(anonymous_0)
FN:91,(anonymous_1)
FN:104,(anonymous_2)
FN:115,(anonymous_3)
FN:116,(anonymous_4)
FN:118,(anonymous_5)
FN:137,(anonymous_6)
FN:153,(anonymous_7)
FN:154,(anonymous_8)
FN:161,(anonymous_9)
FN:167,(anonymous_10)
FN:170,(anonymous_11)
FN:182,(anonymous_12)
FN:190,(anonymous_13)
FN:198,(anonymous_14)
FN:219,(anonymous_15)
FN:225,(anonymous_16)
FN:238,(anonymous_17)
FN:241,(anonymous_18)
FN:242,(anonymous_19)
FN:257,(anonymous_20)
FN:269,(anonymous_21)
FN:275,(anonymous_22)
FN:290,(anonymous_23)
FN:299,(anonymous_24)
FN:303,(anonymous_25)
FNF:26
FNH:0
FNDA:0,(anonymous_0)
FNDA:0,(anonymous_1)
FNDA:0,(anonymous_2)
FNDA:0,(anonymous_3)
FNDA:0,(anonymous_4)
FNDA:0,(anonymous_5)
FNDA:0,(anonymous_6)
FNDA:0,(anonymous_7)
FNDA:0,(anonymous_8)
FNDA:0,(anonymous_9)
FNDA:0,(anonymous_10)
FNDA:0,(anonymous_11)
FNDA:0,(anonymous_12)
FNDA:0,(anonymous_13)
FNDA:0,(anonymous_14)
FNDA:0,(anonymous_15)
FNDA:0,(anonymous_16)
FNDA:0,(anonymous_17)
FNDA:0,(anonymous_18)
FNDA:0,(anonymous_19)
FNDA:0,(anonymous_20)
FNDA:0,(anonymous_21)
FNDA:0,(anonymous_22)
FNDA:0,(anonymous_23)
FNDA:0,(anonymous_24)
FNDA:0,(anonymous_25)
DA:50,0
DA:61,0
DA:80,0
DA:86,0
DA:87,0
DA:89,0
DA:91,0
DA:92,0
DA:93,0
DA:104,0
DA:105,0
DA:106,0
DA:107,0
DA:109,0
DA:115,0
DA:116,0
DA:118,0
DA:119,0
DA:125,0
DA:130,0
DA:137,0
DA:138,0
DA:139,0
DA:144,0
DA:148,0
DA:149,0
DA:153,0
DA:154,0
DA:155,0
DA:161,0
DA:162,0
DA:168,0
DA:170,0
DA:182,0
DA:190,0
DA:198,0
DA:210,0
DA:219,0
DA:226,0
DA:239,0
DA:241,0
DA:242,0
DA:258,0
DA:269,0
DA:275,0
DA:290,0
DA:299,0
DA:303,0
LF:48
LH:0
BRDA:92,0,0,0
BRDA:92,0,1,0
BRDA:92,1,0,0
BRDA:92,1,1,0
BRDA:106,2,0,0
BRDA:106,2,1,0
BRDA:116,3,0,0
BRDA:116,3,1,0
BRDA:138,4,0,0
BRDA:138,4,1,0
BRDA:187,5,0,0
BRDA:187,5,1,0
BRDA:212,6,0,0
BRDA:212,6,1,0
BRDA:231,7,0,0
BRDA:231,7,1,0
BRDA:237,8,0,0
BRDA:237,8,1,0
BRDA:237,8,2,0
BRDA:237,8,3,0
BRDA:238,9,0,0
BRDA:238,9,1,0
BRDA:241,10,0,0
BRDA:241,10,1,0
BRDA:255,11,0,0
BRDA:255,11,1,0
BRF:26
BRH:0
end_of_record
TN:
SF:src\components\Auth\ForgotPassword.tsx
FN:17,(anonymous_0)
FN:30,(anonymous_1)
FN:47,(anonymous_2)
FN:127,(anonymous_3)
FN:128,(anonymous_4)
FNF:5
FNH:0
FNDA:0,(anonymous_0)
FNDA:0,(anonymous_1)
FNDA:0,(anonymous_2)
FNDA:0,(anonymous_3)
FNDA:0,(anonymous_4)
DA:17,0
DA:19,0
DA:22,0
DA:23,0
DA:24,0
DA:27,0
DA:30,0
DA:31,0
DA:32,0
DA:34,0
DA:35,0
DA:36,0
DA:37,0
DA:38,0
DA:39,0
DA:41,0
DA:42,0
DA:47,0
DA:48,0
DA:51,0
DA:52,0
DA:55,0
DA:56,0
DA:59,0
DA:61,0
DA:63,0
DA:64,0
DA:67,0
DA:70,0
DA:72,0
DA:73,0
DA:76,0
DA:80,0
DA:127,0
DA:128,0
LF:35
LH:0
BRDA:34,0,0,0
BRDA:34,0,1,0
BRDA:37,1,0,0
BRDA:37,1,1,0
BRDA:55,2,0,0
BRDA:55,2,1,0
BRDA:67,3,0,0
BRDA:67,3,1,0
BRDA:102,4,0,0
BRDA:102,4,1,0
BRDA:109,5,0,0
BRDA:109,5,1,0
BRDA:131,6,0,0
BRDA:131,6,1,0
BRDA:139,7,0,0
BRDA:139,7,1,0
BRDA:141,8,0,0
BRDA:141,8,1,0
BRF:18
BRH:0
end_of_record
TN:
SF:src\components\Auth\Login.tsx
FN:20,(anonymous_0)
FN:39,(anonymous_1)
FN:50,(anonymous_2)
FN:61,(anonymous_3)
FN:66,(anonymous_4)
FN:142,(anonymous_5)
FN:143,(anonymous_6)
FN:159,(anonymous_7)
FN:160,(anonymous_8)
FNF:9
FNH:0
FNDA:0,(anonymous_0)
FNDA:0,(anonymous_1)
FNDA:0,(anonymous_2)
FNDA:0,(anonymous_3)
FNDA:0,(anonymous_4)
FNDA:0,(anonymous_5)
FNDA:0,(anonymous_6)
FNDA:0,(anonymous_7)
FNDA:0,(anonymous_8)
DA:20,0
DA:22,0
DA:23,0
DA:24,0
DA:27,0
DA:28,0
DA:31,0
DA:32,0
DA:35,0
DA:36,0
DA:39,0
DA:40,0
DA:41,0
DA:42,0
DA:44,0
DA:45,0
DA:50,0
DA:51,0
DA:52,0
DA:53,0
DA:55,0
DA:56,0
DA:61,0
DA:62,0
DA:66,0
DA:67,0
DA:70,0
DA:73,0
DA:74,0
DA:77,0
DA:78,0
DA:81,0
DA:83,0
DA:85,0
DA:88,0
DA:91,0
DA:94,0
DA:95,0
DA:96,0
DA:98,0
DA:100,0
DA:102,0
DA:106,0
DA:142,0
DA:143,0
DA:159,0
DA:160,0
LF:47
LH:0
BRDA:40,0,0,0
BRDA:40,0,1,0
BRDA:51,1,0,0
BRDA:51,1,1,0
BRDA:77,2,0,0
BRDA:77,2,1,0
BRDA:77,3,0,0
BRDA:77,3,1,0
BRDA:91,4,0,0
BRDA:91,4,1,0
BRDA:91,5,0,0
BRDA:91,5,1,0
BRDA:91,5,2,0
BRDA:95,6,0,0
BRDA:95,6,1,0
BRDA:124,7,0,0
BRDA:124,7,1,0
BRDA:155,8,0,0
BRDA:155,8,1,0
BRDA:172,9,0,0
BRDA:172,9,1,0
BRDA:186,10,0,0
BRDA:186,10,1,0
BRF:23
BRH:0
end_of_record
TN:
SF:src\components\Auth\LogoutButton.tsx
FN:29,(anonymous_0)
FN:47,(anonymous_1)
FN:56,(anonymous_2)
FN:74,(anonymous_3)
FN:79,(anonymous_4)
FNF:5
FNH:0
FNDA:0,(anonymous_0)
FNDA:0,(anonymous_1)
FNDA:0,(anonymous_2)
FNDA:0,(anonymous_3)
FNDA:0,(anonymous_4)
DA:29,0
DA:38,0
DA:39,0
DA:40,0
DA:43,0
DA:44,0
DA:47,0
DA:48,0
DA:49,0
DA:51,0
DA:56,0
DA:57,0
DA:59,0
DA:60,0
DA:63,0
DA:65,0
DA:66,0
DA:68,0
DA:69,0
DA:74,0
DA:75,0
DA:79,0
DA:80,0
DA:83,0
LF:24
LH:0
BRDA:30,0,0,0
BRDA:31,1,0,0
BRDA:32,2,0,0
BRDA:33,3,0,0
BRDA:34,4,0,0
BRDA:35,5,0,0
BRDA:48,6,0,0
BRDA:48,6,1,0
BRDA:85,7,0,0
BRDA:85,7,1,0
BRDA:94,8,0,0
BRDA:94,8,1,0
BRDA:107,9,0,0
BRDA:107,9,1,0
BRDA:124,10,0,0
BRDA:124,10,1,0
BRF:16
BRH:0
end_of_record
TN:
SF:src\components\Auth\Profile.tsx
FN:23,(anonymous_0)
FN:55,(anonymous_1)
FN:75,(anonymous_2)
FN:95,(anonymous_3)
FN:103,(anonymous_4)
FN:111,(anonymous_5)
FN:143,(anonymous_6)
FN:167,(anonymous_7)
FN:193,(anonymous_8)
FN:194,(anonymous_9)
FN:284,(anonymous_10)
FN:321,(anonymous_11)
FN:332,(anonymous_12)
FN:343,(anonymous_13)
FN:368,(anonymous_14)
FN:389,(anonymous_15)
FN:395,(anonymous_16)
FNF:17
FNH:0
FNDA:0,(anonymous_0)
FNDA:0,(anonymous_1)
FNDA:0,(anonymous_2)
FNDA:0,(anonymous_3)
FNDA:0,(anonymous_4)
FNDA:0,(anonymous_5)
FNDA:0,(anonymous_6)
FNDA:0,(anonymous_7)
FNDA:0,(anonymous_8)
FNDA:0,(anonymous_9)
FNDA:0,(anonymous_10)
FNDA:0,(anonymous_11)
FNDA:0,(anonymous_12)
FNDA:0,(anonymous_13)
FNDA:0,(anonymous_14)
FNDA:0,(anonymous_15)
FNDA:0,(anonymous_16)
DA:23,0
DA:24,0
DA:27,0
DA:28,0
DA:29,0
DA:32,0
DA:33,0
DA:34,0
DA:35,0
DA:36,0
DA:39,0
DA:40,0
DA:41,0
DA:42,0
DA:45,0
DA:48,0
DA:55,0
DA:56,0
DA:57,0
DA:59,0
DA:60,0
DA:61,0
DA:62,0
DA:63,0
DA:64,0
DA:65,0
DA:66,0
DA:67,0
DA:69,0
DA:70,0
DA:75,0
DA:76,0
DA:77,0
DA:78,0
DA:79,0
DA:80,0
DA:81,0
DA:82,0
DA:83,0
DA:84,0
DA:85,0
DA:86,0
DA:87,0
DA:89,0
DA:90,0
DA:95,0
DA:96,0
DA:98,0
DA:99,0
DA:103,0
DA:104,0
DA:106,0
DA:107,0
DA:111,0
DA:112,0
DA:113,0
DA:114,0
DA:117,0
DA:118,0
DA:120,0
DA:121,0
DA:124,0
DA:125,0
DA:126,0
DA:127,0
DA:131,0
DA:132,0
DA:133,0
DA:135,0
DA:136,0
DA:138,0
DA:143,0
DA:144,0
DA:146,0
DA:147,0
DA:148,0
DA:149,0
DA:155,0
DA:156,0
DA:162,0
DA:167,0
DA:168,0
DA:170,0
DA:171,0
DA:172,0
DA:173,0
DA:174,0
DA:175,0
DA:181,0
DA:182,0
DA:188,0
DA:193,0
DA:194,0
DA:197,0
DA:284,0
DA:321,0
DA:332,0
DA:343,0
DA:368,0
DA:389,0
DA:396,0
DA:397,0
DA:398,0
LF:103
LH:0
BRDA:59,0,0,0
BRDA:59,0,1,0
BRDA:62,1,0,0
BRDA:62,1,1,0
BRDA:65,2,0,0
BRDA:65,2,1,0
BRDA:76,3,0,0
BRDA:76,3,1,0
BRDA:79,4,0,0
BRDA:79,4,1,0
BRDA:82,5,0,0
BRDA:82,5,1,0
BRDA:85,6,0,0
BRDA:85,6,1,0
BRDA:96,7,0,0
BRDA:96,7,1,0
BRDA:104,8,0,0
BRDA:104,8,1,0
BRDA:112,9,0,0
BRDA:112,9,1,0
BRDA:124,10,0,0
BRDA:124,10,1,0
BRDA:126,11,0,0
BRDA:126,11,1,0
BRDA:251,12,0,0
BRDA:251,12,1,0
BRDA:261,13,0,0
BRDA:261,13,1,0
BRDA:295,14,0,0
BRDA:295,14,1,0
BRDA:298,15,0,0
BRDA:298,15,1,0
BRDA:356,16,0,0
BRDA:356,16,1,0
BRDA:356,16,2,0
BRDA:356,16,3,0
BRDA:359,17,0,0
BRDA:359,17,1,0
BRDA:375,18,0,0
BRDA:375,18,1,0
BRDA:407,19,0,0
BRDA:407,19,1,0
BRDA:409,20,0,0
BRDA:409,20,1,0
BRF:44
BRH:0
end_of_record
TN:
SF:src\components\Auth\Signup.tsx
FN:16,(anonymous_0)
FN:37,(anonymous_1)
FN:54,(anonymous_2)
FN:68,(anonymous_3)
FN:82,(anonymous_4)
FN:106,(anonymous_5)
FN:165,(anonymous_6)
FN:166,(anonymous_7)
FN:182,(anonymous_8)
FN:183,(anonymous_9)
FN:199,(anonymous_10)
FN:200,(anonymous_11)
FNF:12
FNH:0
FNDA:0,(anonymous_0)
FNDA:0,(anonymous_1)
FNDA:0,(anonymous_2)
FNDA:0,(anonymous_3)
FNDA:0,(anonymous_4)
FNDA:0,(anonymous_5)
FNDA:0,(anonymous_6)
FNDA:0,(anonymous_7)
FNDA:0,(anonymous_8)
FNDA:0,(anonymous_9)
FNDA:0,(anonymous_10)
FNDA:0,(anonymous_11)
DA:16,0
DA:18,0
DA:19,0
DA:20,0
DA:23,0
DA:24,0
DA:25,0
DA:28,0
DA:29,0
DA:30,0
DA:33,0
DA:34,0
DA:37,0
DA:38,0
DA:39,0
DA:41,0
DA:42,0
DA:43,0
DA:44,0
DA:45,0
DA:46,0
DA:48,0
DA:49,0
DA:54,0
DA:55,0
DA:56,0
DA:57,0
DA:58,0
DA:59,0
DA:60,0
DA:62,0
DA:63,0
DA:68,0
DA:69,0
DA:70,0
DA:71,0
DA:72,0
DA:73,0
DA:74,0
DA:76,0
DA:77,0
DA:82,0
DA:83,0
DA:86,0
DA:89,0
DA:90,0
DA:91,0
DA:94,0
DA:95,0
DA:98,0
DA:100,0
DA:102,0
DA:103,0
DA:106,0
DA:107,0
DA:111,0
DA:112,0
DA:114,0
DA:116,0
DA:118,0
DA:122,0
DA:165,0
DA:166,0
DA:182,0
DA:183,0
DA:199,0
DA:200,0
LF:67
LH:0
BRDA:41,0,0,0
BRDA:41,0,1,0
BRDA:44,1,0,0
BRDA:44,1,1,0
BRDA:55,2,0,0
BRDA:55,2,1,0
BRDA:58,3,0,0
BRDA:58,3,1,0
BRDA:69,4,0,0
BRDA:69,4,1,0
BRDA:72,5,0,0
BRDA:72,5,1,0
BRDA:94,6,0,0
BRDA:94,6,1,0
BRDA:94,7,0,0
BRDA:94,7,1,0
BRDA:94,7,2,0
BRDA:111,8,0,0
BRDA:111,8,1,0
BRDA:140,9,0,0
BRDA:140,9,1,0
BRDA:147,10,0,0
BRDA:147,10,1,0
BRDA:169,11,0,0
BRDA:169,11,1,0
BRDA:186,12,0,0
BRDA:186,12,1,0
BRDA:203,13,0,0
BRDA:203,13,1,0
BRDA:211,14,0,0
BRDA:211,14,1,0
BRDA:213,15,0,0
BRDA:213,15,1,0
BRF:33
BRH:0
end_of_record
TN:
SF:src\components\Expenses\ExpenseEntryForm.tsx
FN:41,(anonymous_0)
FN:66,(anonymous_1)
FN:75,(anonymous_2)
FN:76,(anonymous_3)
FN:104,(anonymous_4)
FN:123,(anonymous_5)
FN:127,(anonymous_6)
FN:130,(anonymous_7)
FN:132,(anonymous_8)
FN:135,(anonymous_9)
FN:136,(anonymous_10)
FN:139,(anonymous_11)
FN:140,(anonymous_12)
FN:143,(anonymous_13)
FN:144,(anonymous_14)
FN:147,(anonymous_15)
FN:155,(anonymous_16)
FN:160,(anonymous_17)
FN:196,(anonymous_18)
FN:255,(anonymous_19)
FN:269,(anonymous_20)
FN:315,(anonymous_21)
FN:347,(anonymous_22)
FNF:23
FNH:0
FNDA:0,(anonymous_0)
FNDA:0,(anonymous_1)
FNDA:0,(anonymous_2)
FNDA:0,(anonymous_3)
FNDA:0,(anonymous_4)
FNDA:0,(anonymous_5)
FNDA:0,(anonymous_6)
FNDA:0,(anonymous_7)
FNDA:0,(anonymous_8)
FNDA:0,(anonymous_9)
FNDA:0,(anonymous_10)
FNDA:0,(anonymous_11)
FNDA:0,(anonymous_12)
FNDA:0,(anonymous_13)
FNDA:0,(anonymous_14)
FNDA:0,(anonymous_15)
FNDA:0,(anonymous_16)
FNDA:0,(anonymous_17)
FNDA:0,(anonymous_18)
FNDA:0,(anonymous_19)
FNDA:0,(anonymous_20)
FNDA:0,(anonymous_21)
FNDA:0,(anonymous_22)
DA:41,0
DA:47,0
DA:48,0
DA:49,0
DA:59,0
DA:60,0
DA:61,0
DA:62,0
DA:63,0
DA:66,0
DA:67,0
DA:68,0
DA:70,0
DA:75,0
DA:76,0
DA:77,0
DA:79,0
DA:80,0
DA:81,0
DA:83,0
DA:86,0
DA:87,0
DA:93,0
DA:95,0
DA:99,0
DA:104,0
DA:105,0
DA:106,0
DA:117,0
DA:118,0
DA:123,0
DA:126,0
DA:127,0
DA:130,0
DA:131,0
DA:132,0
DA:135,0
DA:136,0
DA:139,0
DA:140,0
DA:143,0
DA:144,0
DA:147,0
DA:148,0
DA:149,0
DA:150,0
DA:151,0
DA:155,0
DA:156,0
DA:157,0
DA:160,0
DA:162,0
DA:163,0
DA:164,0
DA:167,0
DA:168,0
DA:169,0
DA:172,0
DA:173,0
DA:174,0
DA:177,0
DA:178,0
DA:179,0
DA:182,0
DA:183,0
DA:184,0
DA:187,0
DA:191,0
DA:194,0
DA:196,0
DA:197,0
DA:198,0
DA:201,0
DA:202,0
DA:206,0
DA:207,0
DA:208,0
DA:212,0
DA:213,0
DA:215,0
DA:217,0
DA:218,0
DA:222,0
DA:235,0
DA:236,0
DA:243,0
DA:245,0
DA:248,0
DA:251,0
DA:255,0
DA:256,0
DA:259,0
DA:262,0
DA:263,0
DA:265,0
DA:269,0
DA:270,0
DA:271,0
DA:277,0
DA:278,0
DA:290,0
DA:316,0
DA:348,0
LF:103
LH:0
BRDA:45,0,0,0
BRDA:67,1,0,0
BRDA:67,1,1,0
BRDA:77,2,0,0
BRDA:77,2,1,0
BRDA:86,3,0,0
BRDA:86,3,1,0
BRDA:86,4,0,0
BRDA:86,4,1,0
BRDA:105,5,0,0
BRDA:105,5,1,0
BRDA:114,6,0,0
BRDA:114,6,1,0
BRDA:117,7,0,0
BRDA:117,7,1,0
BRDA:136,8,0,0
BRDA:136,8,1,0
BRDA:148,9,0,0
BRDA:148,9,1,0
BRDA:148,10,0,0
BRDA:148,10,1,0
BRDA:162,11,0,0
BRDA:162,11,1,0
BRDA:167,12,0,0
BRDA:167,12,1,0
BRDA:172,13,0,0
BRDA:172,13,1,0
BRDA:172,14,0,0
BRDA:172,14,1,0
BRDA:172,14,2,0
BRDA:177,15,0,0
BRDA:177,15,1,0
BRDA:182,16,0,0
BRDA:182,16,1,0
BRDA:182,17,0,0
BRDA:182,17,1,0
BRDA:201,18,0,0
BRDA:201,18,1,0
BRDA:206,19,0,0
BRDA:206,19,1,0
BRDA:217,20,0,0
BRDA:217,20,1,0
BRDA:217,21,0,0
BRDA:217,21,1,0
BRDA:243,22,0,0
BRDA:243,22,1,0
BRDA:243,23,0,0
BRDA:243,23,1,0
BRDA:262,24,0,0
BRDA:262,24,1,0
BRDA:262,25,0,0
BRDA:262,25,1,0
BRDA:277,26,0,0
BRDA:277,26,1,0
BRDA:295,27,0,0
BRDA:295,27,1,0
BRDA:298,28,0,0
BRDA:298,28,1,0
BRDA:391,29,0,0
BRDA:391,29,1,0
BRDA:405,30,0,0
BRDA:405,30,1,0
BRDA:425,31,0,0
BRDA:425,31,1,0
BRDA:460,32,0,0
BRDA:460,32,1,0
BRDA:506,33,0,0
BRDA:506,33,1,0
BRDA:506,34,0,0
BRDA:506,34,1,0
BRF:70
BRH:0
end_of_record
TN:
SF:src\components\Expenses\ExpenseFilters.tsx
FN:43,(anonymous_0)
FN:75,(anonymous_1)
FN:77,(anonymous_2)
FN:96,(anonymous_3)
FN:97,(anonymous_4)
FN:140,(anonymous_5)
FN:141,(anonymous_6)
FN:147,(anonymous_7)
FN:154,(anonymous_8)
FN:158,(anonymous_9)
FN:176,(anonymous_10)
FN:181,(anonymous_11)
FN:216,(anonymous_12)
FN:226,(anonymous_13)
FN:245,(anonymous_14)
FN:255,(anonymous_15)
FN:264,(anonymous_16)
FN:295,(anonymous_17)
FN:298,(anonymous_18)
FN:316,(anonymous_19)
FN:327,(anonymous_20)
FN:342,(anonymous_21)
FN:352,(anonymous_22)
FN:384,(anonymous_23)
FN:398,(anonymous_24)
FN:409,(anonymous_25)
FN:423,(anonymous_26)
FN:434,(anonymous_27)
FN:445,(anonymous_28)
FNF:29
FNH:0
FNDA:0,(anonymous_0)
FNDA:0,(anonymous_1)
FNDA:0,(anonymous_2)
FNDA:0,(anonymous_3)
FNDA:0,(anonymous_4)
FNDA:0,(anonymous_5)
FNDA:0,(anonymous_6)
FNDA:0,(anonymous_7)
FNDA:0,(anonymous_8)
FNDA:0,(anonymous_9)
FNDA:0,(anonymous_10)
FNDA:0,(anonymous_11)
FNDA:0,(anonymous_12)
FNDA:0,(anonymous_13)
FNDA:0,(anonymous_14)
FNDA:0,(anonymous_15)
FNDA:0,(anonymous_16)
FNDA:0,(anonymous_17)
FNDA:0,(anonymous_18)
FNDA:0,(anonymous_19)
FNDA:0,(anonymous_20)
FNDA:0,(anonymous_21)
FNDA:0,(anonymous_22)
FNDA:0,(anonymous_23)
FNDA:0,(anonymous_24)
FNDA:0,(anonymous_25)
FNDA:0,(anonymous_26)
FNDA:0,(anonymous_27)
FNDA:0,(anonymous_28)
DA:43,0
DA:48,0
DA:49,0
DA:50,0
DA:51,0
DA:54,0
DA:57,0
DA:60,0
DA:63,0
DA:75,0
DA:76,0
DA:77,0
DA:83,0
DA:90,0
DA:96,0
DA:97,0
DA:98,0
DA:99,0
DA:100,0
DA:103,0
DA:104,0
DA:105,0
DA:106,0
DA:108,0
DA:111,0
DA:112,0
DA:116,0
DA:117,0
DA:136,0
DA:140,0
DA:141,0
DA:147,0
DA:148,0
DA:154,0
DA:158,0
DA:159,0
DA:170,0
DA:171,0
DA:172,0
DA:176,0
DA:178,0
DA:181,0
DA:186,0
DA:193,0
DA:194,0
DA:203,0
DA:216,0
DA:226,0
DA:245,0
DA:255,0
DA:264,0
DA:295,0
DA:299,0
DA:316,0
DA:327,0
DA:342,0
DA:352,0
DA:385,0
DA:386,0
DA:398,0
DA:410,0
DA:411,0
DA:423,0
DA:434,0
DA:445,0
LF:65
LH:0
BRDA:51,0,0,0
BRDA:51,0,1,0
BRDA:76,1,0,0
BRDA:76,1,1,0
BRDA:83,2,0,0
BRDA:83,2,1,0
BRDA:84,3,0,0
BRDA:84,3,1,0
BRDA:84,3,2,0
BRDA:84,3,3,0
BRDA:84,3,4,0
BRDA:98,4,0,0
BRDA:98,4,1,0
BRDA:111,5,0,0
BRDA:111,5,1,0
BRDA:111,6,0,0
BRDA:111,6,1,0
BRDA:178,7,0,0
BRDA:178,7,1,0
BRDA:178,8,0,0
BRDA:178,8,1,0
BRDA:179,9,0,0
BRDA:179,9,1,0
BRDA:193,10,0,0
BRDA:193,10,1,0
BRDA:223,11,0,0
BRDA:223,11,1,0
BRDA:268,12,0,0
BRDA:268,12,1,0
BRDA:269,13,0,0
BRDA:269,13,1,0
BRDA:269,13,2,0
BRDA:282,14,0,0
BRDA:282,14,1,0
BRDA:352,15,0,0
BRDA:352,15,1,0
BRDA:378,16,0,0
BRDA:378,16,1,0
BRDA:381,17,0,0
BRDA:381,17,1,0
BRDA:381,17,2,0
BRDA:383,18,0,0
BRDA:383,18,1,0
BRDA:383,19,0,0
BRDA:383,19,1,0
BRDA:395,20,0,0
BRDA:395,20,1,0
BRDA:406,21,0,0
BRDA:406,21,1,0
BRDA:406,21,2,0
BRDA:408,22,0,0
BRDA:408,22,1,0
BRDA:408,23,0,0
BRDA:408,23,1,0
BRDA:420,24,0,0
BRDA:420,24,1,0
BRDA:431,25,0,0
BRDA:431,25,1,0
BRDA:442,26,0,0
BRDA:442,26,1,0
BRF:60
BRH:0
end_of_record
TN:
SF:src\components\Expenses\ExpenseKPIMetrics.tsx
FN:54,(anonymous_0)
FN:63,(anonymous_1)
FN:64,(anonymous_2)
FN:75,(anonymous_3)
FN:81,(anonymous_4)
FN:265,(anonymous_5)
FN:267,(anonymous_6)
FN:297,(anonymous_7)
FNF:8
FNH:0
FNDA:0,(anonymous_0)
FNDA:0,(anonymous_1)
FNDA:0,(anonymous_2)
FNDA:0,(anonymous_3)
FNDA:0,(anonymous_4)
FNDA:0,(anonymous_5)
FNDA:0,(anonymous_6)
FNDA:0,(anonymous_7)
DA:38,0
DA:54,0
DA:58,0
DA:59,0
DA:60,0
DA:63,0
DA:64,0
DA:71,0
DA:74,0
DA:75,0
DA:81,0
DA:82,0
DA:83,0
DA:84,0
DA:104,0
DA:108,0
DA:109,0
DA:121,0
DA:265,0
DA:268,0
DA:298,0
LF:21
LH:0
BRDA:82,0,0,0
BRDA:82,0,1,0
BRDA:82,1,0,0
BRDA:82,1,1,0
BRDA:82,1,2,0
BRDA:108,2,0,0
BRDA:108,2,1,0
BRDA:187,3,0,0
BRDA:187,3,1,0
BRDA:193,4,0,0
BRDA:193,4,1,0
BRDA:193,5,0,0
BRDA:193,5,1,0
BRDA:211,6,0,0
BRDA:211,6,1,0
BRDA:216,7,0,0
BRDA:216,7,1,0
BRDA:232,8,0,0
BRDA:232,8,1,0
BRDA:235,9,0,0
BRDA:235,9,1,0
BRDA:239,10,0,0
BRDA:239,10,1,0
BRF:23
BRH:0
end_of_record
TN:
SF:src\components\Expenses\ExpensesTable.tsx
FN:61,(anonymous_0)
FN:91,(anonymous_1)
FN:98,(anonymous_2)
FN:116,(anonymous_3)
FN:123,(anonymous_4)
FN:131,(anonymous_5)
FN:149,(anonymous_6)
FN:176,(anonymous_7)
FN:197,(anonymous_8)
FN:204,(anonymous_9)
FN:244,(anonymous_10)
FN:249,(anonymous_11)
FN:255,(anonymous_12)
FN:264,(anonymous_13)
FN:270,(anonymous_14)
FN:277,(anonymous_15)
FN:284,(anonymous_16)
FN:345,(anonymous_17)
FN:355,(anonymous_18)
FN:366,(anonymous_19)
FN:391,(anonymous_20)
FN:403,(anonymous_21)
FN:413,(anonymous_22)
FN:421,(anonymous_23)
FN:431,(anonymous_24)
FN:455,(anonymous_25)
FNF:26
FNH:0
FNDA:0,(anonymous_0)
FNDA:0,(anonymous_1)
FNDA:0,(anonymous_2)
FNDA:0,(anonymous_3)
FNDA:0,(anonymous_4)
FNDA:0,(anonymous_5)
FNDA:0,(anonymous_6)
FNDA:0,(anonymous_7)
FNDA:0,(anonymous_8)
FNDA:0,(anonymous_9)
FNDA:0,(anonymous_10)
FNDA:0,(anonymous_11)
FNDA:0,(anonymous_12)
FNDA:0,(anonymous_13)
FNDA:0,(anonymous_14)
FNDA:0,(anonymous_15)
FNDA:0,(anonymous_16)
FNDA:0,(anonymous_17)
FNDA:0,(anonymous_18)
FNDA:0,(anonymous_19)
FNDA:0,(anonymous_20)
FNDA:0,(anonymous_21)
FNDA:0,(anonymous_22)
FNDA:0,(anonymous_23)
FNDA:0,(anonymous_24)
FNDA:0,(anonymous_25)
DA:61,0
DA:73,0
DA:74,0
DA:75,0
DA:76,0
DA:77,0
DA:78,0
DA:79,0
DA:82,0
DA:83,0
DA:86,0
DA:91,0
DA:99,0
DA:116,0
DA:123,0
DA:131,0
DA:149,0
DA:176,0
DA:177,0
DA:193,0
DA:197,0
DA:198,0
DA:199,0
DA:200,0
DA:204,0
DA:205,0
DA:206,0
DA:208,0
DA:210,0
DA:211,0
DA:216,0
DA:217,0
DA:222,0
DA:223,0
DA:224,0
DA:226,0
DA:231,0
DA:232,0
DA:236,0
DA:237,0
DA:244,0
DA:245,0
DA:249,0
DA:250,0
DA:251,0
DA:255,0
DA:257,0
DA:258,0
DA:260,0
DA:261,0
DA:264,0
DA:265,0
DA:266,0
DA:270,0
DA:271,0
DA:272,0
DA:273,0
DA:277,0
DA:278,0
DA:279,0
DA:280,0
DA:284,0
DA:285,0
DA:286,0
DA:287,0
DA:292,0
DA:293,0
DA:301,0
DA:302,0
DA:310,0
DA:311,0
DA:323,0
DA:345,0
DA:356,0
DA:366,0
DA:392,0
DA:393,0
DA:403,0
DA:414,0
DA:415,0
DA:421,0
DA:431,0
DA:455,0
DA:465,0
DA:466,0
LF:85
LH:0
BRDA:67,0,0,0
BRDA:68,1,0,0
BRDA:116,2,0,0
BRDA:116,2,1,0
BRDA:123,3,0,0
BRDA:123,3,1,0
BRDA:131,4,0,0
BRDA:131,4,1,0
BRDA:132,5,0,0
BRDA:132,5,1,0
BRDA:136,6,0,0
BRDA:136,6,1,0
BRDA:149,7,0,0
BRDA:149,7,1,0
BRDA:193,8,0,0
BRDA:193,8,1,0
BRDA:198,9,0,0
BRDA:198,9,1,0
BRDA:199,10,0,0
BRDA:199,10,1,0
BRDA:208,11,0,0
BRDA:208,11,1,0
BRDA:210,12,0,0
BRDA:210,12,1,0
BRDA:211,13,0,0
BRDA:211,13,1,0
BRDA:216,14,0,0
BRDA:216,14,1,0
BRDA:217,15,0,0
BRDA:217,15,1,0
BRDA:222,16,0,0
BRDA:222,16,1,0
BRDA:223,17,0,0
BRDA:223,17,1,0
BRDA:224,18,0,0
BRDA:224,18,1,0
BRDA:226,19,0,0
BRDA:226,19,1,0
BRDA:231,20,0,0
BRDA:231,20,1,0
BRDA:231,21,0,0
BRDA:231,21,1,0
BRDA:232,22,0,0
BRDA:232,22,1,0
BRDA:257,23,0,0
BRDA:257,23,1,0
BRDA:271,24,0,0
BRDA:271,24,1,0
BRDA:278,25,0,0
BRDA:278,25,1,0
BRDA:285,26,0,0
BRDA:285,26,1,0
BRDA:285,27,0,0
BRDA:285,27,1,0
BRDA:292,28,0,0
BRDA:292,28,1,0
BRDA:301,29,0,0
BRDA:301,29,1,0
BRDA:310,30,0,0
BRDA:310,30,1,0
BRDA:338,31,0,0
BRDA:338,31,1,0
BRDA:342,32,0,0
BRDA:342,32,1,0
BRDA:347,33,0,0
BRDA:347,33,1,0
BRDA:360,34,0,0
BRDA:360,34,1,0
BRDA:362,35,0,0
BRDA:362,35,1,0
BRDA:365,36,0,0
BRDA:365,36,1,0
BRDA:382,37,0,0
BRDA:382,37,1,0
BRDA:405,38,0,0
BRDA:405,38,1,0
BRDA:414,39,0,0
BRDA:414,39,1,0
BRDA:427,40,0,0
BRDA:427,40,1,0
BRDA:427,40,2,0
BRDA:438,41,0,0
BRDA:438,41,1,0
BRDA:468,42,0,0
BRDA:468,42,1,0
BRDA:504,43,0,0
BRDA:504,43,1,0
BRDA:504,43,2,0
BRDA:511,44,0,0
BRDA:511,44,1,0
BRF:90
BRH:0
end_of_record
TN:
SF:src\components\Expenses\RecurringExpensesManager.tsx
FN:45,(anonymous_0)
FN:63,(anonymous_1)
FN:64,(anonymous_2)
FN:74,(anonymous_3)
FN:79,(anonymous_4)
FN:113,(anonymous_5)
FN:125,(anonymous_6)
FN:194,(anonymous_7)
FN:236,(anonymous_8)
FN:253,(anonymous_9)
FN:263,(anonymous_10)
FN:341,(anonymous_11)
FNF:12
FNH:0
FNDA:0,(anonymous_0)
FNDA:0,(anonymous_1)
FNDA:0,(anonymous_2)
FNDA:0,(anonymous_3)
FNDA:0,(anonymous_4)
FNDA:0,(anonymous_5)
FNDA:0,(anonymous_6)
FNDA:0,(anonymous_7)
FNDA:0,(anonymous_8)
FNDA:0,(anonymous_9)
FNDA:0,(anonymous_10)
FNDA:0,(anonymous_11)
DA:45,0
DA:49,0
DA:50,0
DA:51,0
DA:52,0
DA:53,0
DA:54,0
DA:55,0
DA:56,0
DA:57,0
DA:58,0
DA:59,0
DA:60,0
DA:63,0
DA:64,0
DA:65,0
DA:68,0
DA:69,0
DA:74,0
DA:75,0
DA:79,0
DA:81,0
DA:82,0
DA:83,0
DA:86,0
DA:87,0
DA:88,0
DA:89,0
DA:92,0
DA:94,0
DA:97,0
DA:99,0
DA:102,0
DA:103,0
DA:105,0
DA:108,0
DA:113,0
DA:115,0
DA:116,0
DA:117,0
DA:120,0
DA:121,0
DA:125,0
DA:126,0
DA:128,0
DA:129,0
DA:130,0
DA:131,0
DA:132,0
DA:133,0
DA:138,0
DA:140,0
DA:195,0
DA:236,0
DA:253,0
DA:263,0
DA:341,0
LF:57
LH:0
BRDA:68,0,0,0
BRDA:68,0,1,0
BRDA:81,1,0,0
BRDA:81,1,1,0
BRDA:102,2,0,0
BRDA:102,2,1,0
BRDA:102,3,0,0
BRDA:102,3,1,0
BRDA:115,4,0,0
BRDA:115,4,1,0
BRDA:126,5,0,0
BRDA:126,5,1,0
BRDA:128,6,0,0
BRDA:128,6,1,0
BRDA:128,6,2,0
BRDA:128,6,3,0
BRDA:128,6,4,0
BRDA:143,7,0,0
BRDA:143,7,1,0
BRDA:147,8,0,0
BRDA:147,8,1,0
BRDA:149,9,0,0
BRDA:149,9,1,0
BRDA:152,10,0,0
BRDA:152,10,1,0
BRDA:156,11,0,0
BRDA:156,11,1,0
BRDA:158,12,0,0
BRDA:158,12,1,0
BRDA:158,12,2,0
BRDA:161,13,0,0
BRDA:161,13,1,0
BRDA:168,14,0,0
BRDA:168,14,1,0
BRDA:174,15,0,0
BRDA:174,15,1,0
BRDA:180,16,0,0
BRDA:180,16,1,0
BRDA:186,17,0,0
BRDA:186,17,1,0
BRDA:221,18,0,0
BRDA:221,18,1,0
BRDA:226,19,0,0
BRDA:226,19,1,0
BRDA:257,20,0,0
BRDA:257,20,1,0
BRDA:302,21,0,0
BRDA:302,21,1,0
BRDA:320,22,0,0
BRDA:320,22,1,0
BRDA:326,23,0,0
BRDA:326,23,1,0
BRF:52
BRH:0
end_of_record
TN:
SF:src\components\Inventory\BatchTagsModal.tsx
FN:43,(anonymous_0)
FN:66,(anonymous_1)
FN:75,(anonymous_2)
FN:90,(anonymous_3)
FN:113,(anonymous_4)
FN:115,(anonymous_5)
FN:127,(anonymous_6)
FN:166,(anonymous_7)
FN:188,(anonymous_8)
FN:189,(anonymous_9)
FN:207,(anonymous_10)
FN:209,(anonymous_11)
FN:226,(anonymous_12)
FN:227,(anonymous_13)
FN:230,(anonymous_14)
FN:231,(anonymous_15)
FN:256,(anonymous_16)
FN:292,(anonymous_17)
FN:299,(anonymous_18)
FN:319,(anonymous_19)
FN:325,(anonymous_20)
FN:335,(anonymous_21)
FN:336,(anonymous_22)
FN:344,(anonymous_23)
FN:358,(anonymous_24)
FN:423,(anonymous_25)
FN:441,(anonymous_26)
FN:513,(anonymous_27)
FN:519,(anonymous_28)
FNF:29
FNH:0
FNDA:0,(anonymous_0)
FNDA:0,(anonymous_1)
FNDA:0,(anonymous_2)
FNDA:0,(anonymous_3)
FNDA:0,(anonymous_4)
FNDA:0,(anonymous_5)
FNDA:0,(anonymous_6)
FNDA:0,(anonymous_7)
FNDA:0,(anonymous_8)
FNDA:0,(anonymous_9)
FNDA:0,(anonymous_10)
FNDA:0,(anonymous_11)
FNDA:0,(anonymous_12)
FNDA:0,(anonymous_13)
FNDA:0,(anonymous_14)
FNDA:0,(anonymous_15)
FNDA:0,(anonymous_16)
FNDA:0,(anonymous_17)
FNDA:0,(anonymous_18)
FNDA:0,(anonymous_19)
FNDA:0,(anonymous_20)
FNDA:0,(anonymous_21)
FNDA:0,(anonymous_22)
FNDA:0,(anonymous_23)
FNDA:0,(anonymous_24)
FNDA:0,(anonymous_25)
FNDA:0,(anonymous_26)
FNDA:0,(anonymous_27)
FNDA:0,(anonymous_28)
DA:43,0
DA:49,0
DA:50,0
DA:51,0
DA:53,0
DA:54,0
DA:55,0
DA:56,0
DA:57,0
DA:60,0
DA:63,0
DA:66,0
DA:67,0
DA:68,0
DA:69,0
DA:70,0
DA:71,0
DA:73,0
DA:74,0
DA:75,0
DA:76,0
DA:77,0
DA:84,0
DA:87,0
DA:88,0
DA:89,0
DA:90,0
DA:91,0
DA:92,0
DA:99,0
DA:102,0
DA:104,0
DA:105,0
DA:106,0
DA:108,0
DA:113,0
DA:114,0
DA:115,0
DA:117,0
DA:118,0
DA:120,0
DA:121,0
DA:122,0
DA:123,0
DA:126,0
DA:127,0
DA:128,0
DA:130,0
DA:133,0
DA:134,0
DA:136,0
DA:137,0
DA:138,0
DA:139,0
DA:140,0
DA:143,0
DA:147,0
DA:150,0
DA:156,0
DA:157,0
DA:160,0
DA:165,0
DA:166,0
DA:167,0
DA:168,0
DA:176,0
DA:177,0
DA:179,0
DA:183,0
DA:188,0
DA:189,0
DA:190,0
DA:193,0
DA:194,0
DA:195,0
DA:196,0
DA:198,0
DA:201,0
DA:202,0
DA:207,0
DA:209,0
DA:210,0
DA:211,0
DA:212,0
DA:216,0
DA:217,0
DA:219,0
DA:220,0
DA:221,0
DA:223,0
DA:225,0
DA:226,0
DA:227,0
DA:229,0
DA:230,0
DA:231,0
DA:233,0
DA:234,0
DA:237,0
DA:238,0
DA:239,0
DA:241,0
DA:242,0
DA:244,0
DA:245,0
DA:248,0
DA:249,0
DA:250,0
DA:251,0
DA:256,0
DA:257,0
DA:260,0
DA:261,0
DA:262,0
DA:265,0
DA:270,0
DA:272,0
DA:273,0
DA:278,0
DA:280,0
DA:283,0
DA:284,0
DA:288,0
DA:289,0
DA:292,0
DA:293,0
DA:297,0
DA:298,0
DA:299,0
DA:300,0
DA:301,0
DA:309,0
DA:310,0
DA:311,0
DA:314,0
DA:319,0
DA:320,0
DA:321,0
DA:324,0
DA:325,0
DA:326,0
DA:329,0
DA:330,0
DA:331,0
DA:335,0
DA:336,0
DA:337,0
DA:338,0
DA:341,0
DA:344,0
DA:358,0
DA:424,0
DA:425,0
DA:427,0
DA:441,0
DA:513,0
DA:519,0
LF:157
LH:0
BRDA:69,0,0,0
BRDA:69,0,1,0
BRDA:73,1,0,0
BRDA:73,1,1,0
BRDA:88,2,0,0
BRDA:88,2,1,0
BRDA:114,3,0,0
BRDA:114,3,1,0
BRDA:114,4,0,0
BRDA:114,4,1,0
BRDA:118,5,0,0
BRDA:118,5,1,0
BRDA:140,6,0,0
BRDA:140,6,1,0
BRDA:143,7,0,0
BRDA:143,7,1,0
BRDA:143,8,0,0
BRDA:143,8,1,0
BRDA:143,8,2,0
BRDA:160,9,0,0
BRDA:160,9,1,0
BRDA:160,10,0,0
BRDA:160,10,1,0
BRDA:160,10,2,0
BRDA:160,10,3,0
BRDA:193,11,0,0
BRDA:193,11,1,0
BRDA:195,12,0,0
BRDA:195,12,1,0
BRDA:210,13,0,0
BRDA:210,13,1,0
BRDA:217,14,0,0
BRDA:217,14,1,0
BRDA:244,15,0,0
BRDA:244,15,1,0
BRDA:249,16,0,0
BRDA:249,16,1,0
BRDA:265,17,0,0
BRDA:265,17,1,0
BRDA:265,18,0,0
BRDA:265,18,1,0
BRDA:265,18,2,0
BRDA:265,18,3,0
BRDA:278,19,0,0
BRDA:278,19,1,0
BRDA:278,20,0,0
BRDA:278,20,1,0
BRDA:297,21,0,0
BRDA:297,21,1,0
BRDA:297,22,0,0
BRDA:297,22,1,0
BRDA:320,23,0,0
BRDA:320,23,1,0
BRDA:326,24,0,0
BRDA:326,24,1,0
BRDA:329,25,0,0
BRDA:329,25,1,0
BRDA:330,26,0,0
BRDA:330,26,1,0
BRDA:337,27,0,0
BRDA:337,27,1,0
BRDA:338,28,0,0
BRDA:338,28,1,0
BRDA:338,29,0,0
BRDA:338,29,1,0
BRDA:355,30,0,0
BRDA:355,30,1,0
BRDA:371,31,0,0
BRDA:371,31,1,0
BRDA:377,32,0,0
BRDA:377,32,1,0
BRDA:383,33,0,0
BRDA:383,33,1,0
BRDA:393,34,0,0
BRDA:393,34,1,0
BRDA:405,35,0,0
BRDA:405,35,1,0
BRDA:405,36,0,0
BRDA:405,36,1,0
BRDA:405,36,2,0
BRDA:432,37,0,0
BRDA:432,37,1,0
BRDA:434,38,0,0
BRDA:434,38,1,0
BRDA:443,39,0,0
BRDA:443,39,1,0
BRDA:445,40,0,0
BRDA:445,40,1,0
BRDA:447,41,0,0
BRDA:447,41,1,0
BRDA:449,42,0,0
BRDA:449,42,1,0
BRDA:454,43,0,0
BRDA:454,43,1,0
BRDA:458,44,0,0
BRDA:458,44,1,0
BRDA:458,45,0,0
BRDA:458,45,1,0
BRDA:459,46,0,0
BRDA:459,46,1,0
BRDA:459,47,0,0
BRDA:459,47,1,0
BRDA:461,48,0,0
BRDA:461,48,1,0
BRDA:461,49,0,0
BRDA:461,49,1,0
BRDA:468,50,0,0
BRDA:468,50,1,0
BRDA:519,51,0,0
BRDA:519,51,1,0
BRDA:519,51,2,0
BRDA:520,52,0,0
BRDA:520,52,1,0
BRDA:522,53,0,0
BRDA:522,53,1,0
BRF:115
BRH:0
end_of_record
TN:
SF:src\components\Inventory\ColumnCustomizationMenu.tsx
FN:26,(anonymous_0)
FN:61,(anonymous_1)
FN:117,(anonymous_2)
FN:118,(anonymous_3)
FN:138,(anonymous_4)
FN:139,(anonymous_5)
FN:159,(anonymous_6)
FN:160,(anonymous_7)
FNF:8
FNH:0
FNDA:0,(anonymous_0)
FNDA:0,(anonymous_1)
FNDA:0,(anonymous_2)
FNDA:0,(anonymous_3)
FNDA:0,(anonymous_4)
FNDA:0,(anonymous_5)
FNDA:0,(anonymous_6)
FNDA:0,(anonymous_7)
DA:26,0
DA:27,0
DA:29,0
DA:31,0
DA:33,0
DA:35,0
DA:37,0
DA:39,0
DA:41,0
DA:43,0
DA:45,0
DA:47,0
DA:49,0
DA:51,0
DA:53,0
DA:55,0
DA:57,0
DA:61,0
DA:68,0
DA:71,0
DA:72,0
DA:73,0
DA:75,0
DA:118,0
DA:139,0
DA:160,0
LF:26
LH:0
BRDA:27,0,0,0
BRDA:27,0,1,0
BRDA:27,0,2,0
BRDA:27,0,3,0
BRDA:27,0,4,0
BRDA:27,0,5,0
BRDA:27,0,6,0
BRDA:27,0,7,0
BRDA:27,0,8,0
BRDA:27,0,9,0
BRDA:27,0,10,0
BRDA:27,0,11,0
BRDA:27,0,12,0
BRDA:27,0,13,0
BRDA:27,0,14,0
BRF:15
BRH:0
end_of_record
TN:
SF:src\components\Inventory\InventoryFilter.tsx
FN:74,(anonymous_0)
FN:92,(anonymous_1)
FN:97,(anonymous_2)
FN:102,(anonymous_3)
FN:117,(anonymous_4)
FN:123,(anonymous_5)
FN:133,(anonymous_6)
FN:149,(anonymous_7)
FN:166,(anonymous_8)
FN:167,(anonymous_9)
FN:172,(anonymous_10)
FN:177,(anonymous_11)
FN:178,(anonymous_12)
FN:183,(anonymous_13)
FN:185,(anonymous_14)
FN:190,(anonymous_15)
FN:197,(anonymous_16)
FN:201,(anonymous_17)
FN:245,(anonymous_18)
FN:363,(anonymous_19)
FN:366,(anonymous_20)
FN:417,(anonymous_21)
FN:420,(anonymous_22)
FN:463,(anonymous_23)
FN:466,(anonymous_24)
FN:514,(anonymous_25)
FN:517,(anonymous_26)
FNF:27
FNH:0
FNDA:0,(anonymous_0)
FNDA:0,(anonymous_1)
FNDA:0,(anonymous_2)
FNDA:0,(anonymous_3)
FNDA:0,(anonymous_4)
FNDA:0,(anonymous_5)
FNDA:0,(anonymous_6)
FNDA:0,(anonymous_7)
FNDA:0,(anonymous_8)
FNDA:0,(anonymous_9)
FNDA:0,(anonymous_10)
FNDA:0,(anonymous_11)
FNDA:0,(anonymous_12)
FNDA:0,(anonymous_13)
FNDA:0,(anonymous_14)
FNDA:0,(anonymous_15)
FNDA:0,(anonymous_16)
FNDA:0,(anonymous_17)
FNDA:0,(anonymous_18)
FNDA:0,(anonymous_19)
FNDA:0,(anonymous_20)
FNDA:0,(anonymous_21)
FNDA:0,(anonymous_22)
FNDA:0,(anonymous_23)
FNDA:0,(anonymous_24)
FNDA:0,(anonymous_25)
FNDA:0,(anonymous_26)
DA:56,0
DA:67,0
DA:74,0
DA:79,0
DA:80,0
DA:81,0
DA:82,0
DA:85,0
DA:92,0
DA:93,0
DA:97,0
DA:98,0
DA:102,0
DA:107,0
DA:109,0
DA:110,0
DA:117,0
DA:118,0
DA:119,0
DA:123,0
DA:125,0
DA:126,0
DA:129,0
DA:132,0
DA:133,0
DA:137,0
DA:138,0
DA:139,0
DA:140,0
DA:141,0
DA:145,0
DA:148,0
DA:149,0
DA:150,0
DA:151,0
DA:155,0
DA:162,0
DA:166,0
DA:167,0
DA:168,0
DA:172,0
DA:173,0
DA:177,0
DA:178,0
DA:179,0
DA:183,0
DA:184,0
DA:185,0
DA:190,0
DA:191,0
DA:192,0
DA:195,0
DA:198,0
DA:201,0
DA:242,0
DA:245,0
DA:246,0
DA:248,0
DA:254,0
DA:364,0
DA:366,0
DA:418,0
DA:420,0
DA:464,0
DA:466,0
DA:515,0
DA:517,0
LF:67
LH:0
BRDA:137,0,0,0
BRDA:137,0,1,0
BRDA:148,1,0,0
BRDA:148,1,1,0
BRDA:150,2,0,0
BRDA:150,2,1,0
BRDA:179,3,0,0
BRDA:179,3,1,0
BRDA:185,4,0,0
BRDA:185,4,1,0
BRDA:191,5,0,0
BRDA:191,5,1,0
BRDA:216,6,0,0
BRDA:216,6,1,0
BRDA:246,7,0,0
BRDA:246,7,1,0
BRDA:258,8,0,0
BRDA:258,8,1,0
BRDA:262,9,0,0
BRDA:262,9,1,0
BRDA:268,10,0,0
BRDA:268,10,1,0
BRDA:277,11,0,0
BRDA:277,11,1,0
BRDA:287,12,0,0
BRDA:287,12,1,0
BRDA:349,13,0,0
BRDA:349,13,1,0
BRDA:373,14,0,0
BRDA:373,14,1,0
BRDA:377,15,0,0
BRDA:377,15,1,0
BRDA:378,16,0,0
BRDA:378,16,1,0
BRDA:404,17,0,0
BRDA:404,17,1,0
BRDA:424,18,0,0
BRDA:424,18,1,0
BRDA:428,19,0,0
BRDA:428,19,1,0
BRDA:429,20,0,0
BRDA:429,20,1,0
BRDA:450,21,0,0
BRDA:450,21,1,0
BRDA:470,22,0,0
BRDA:470,22,1,0
BRDA:474,23,0,0
BRDA:474,23,1,0
BRDA:475,24,0,0
BRDA:475,24,1,0
BRDA:496,25,0,0
BRDA:496,25,1,0
BRDA:509,26,0,0
BRDA:509,26,1,0
BRDA:521,27,0,0
BRDA:521,27,1,0
BRDA:525,28,0,0
BRDA:525,28,1,0
BRDA:526,29,0,0
BRDA:526,29,1,0
BRF:60
BRH:0
end_of_record
TN:
SF:src\components\Inventory\InventoryTable.tsx
FN:89,(anonymous_0)
FN:140,(anonymous_1)
FN:173,(anonymous_2)
FN:176,(anonymous_3)
FN:187,(anonymous_4)
FN:208,(anonymous_5)
FN:211,(anonymous_6)
FN:264,(anonymous_7)
FN:268,(anonymous_8)
FN:280,(anonymous_9)
FN:288,(anonymous_10)
FN:306,(anonymous_11)
FN:322,(anonymous_12)
FN:328,(anonymous_13)
FN:339,(anonymous_14)
FN:393,(anonymous_15)
FN:399,(anonymous_16)
FN:411,(anonymous_17)
FN:436,(anonymous_18)
FN:444,(anonymous_19)
FN:449,(anonymous_20)
FN:455,(anonymous_21)
FN:468,(anonymous_22)
FN:474,(anonymous_23)
FN:489,(anonymous_24)
FN:504,(anonymous_25)
FN:511,(anonymous_26)
FN:512,(anonymous_27)
FN:544,(anonymous_28)
FN:549,(anonymous_29)
FN:557,(anonymous_30)
FN:566,(anonymous_31)
FN:603,(anonymous_32)
FN:624,(anonymous_33)
FN:652,(anonymous_34)
FN:654,(anonymous_35)
FN:656,(anonymous_36)
FN:744,(anonymous_37)
FN:774,(anonymous_38)
FN:846,(anonymous_39)
FN:865,(anonymous_40)
FN:866,(anonymous_41)
FN:867,(anonymous_42)
FN:883,(anonymous_43)
FN:916,(anonymous_44)
FN:961,(anonymous_45)
FN:968,(anonymous_46)
FN:1062,(anonymous_47)
FN:1226,(anonymous_48)
FNF:49
FNH:0
FNDA:0,(anonymous_0)
FNDA:0,(anonymous_1)
FNDA:0,(anonymous_2)
FNDA:0,(anonymous_3)
FNDA:0,(anonymous_4)
FNDA:0,(anonymous_5)
FNDA:0,(anonymous_6)
FNDA:0,(anonymous_7)
FNDA:0,(anonymous_8)
FNDA:0,(anonymous_9)
FNDA:0,(anonymous_10)
FNDA:0,(anonymous_11)
FNDA:0,(anonymous_12)
FNDA:0,(anonymous_13)
FNDA:0,(anonymous_14)
FNDA:0,(anonymous_15)
FNDA:0,(anonymous_16)
FNDA:0,(anonymous_17)
FNDA:0,(anonymous_18)
FNDA:0,(anonymous_19)
FNDA:0,(anonymous_20)
FNDA:0,(anonymous_21)
FNDA:0,(anonymous_22)
FNDA:0,(anonymous_23)
FNDA:0,(anonymous_24)
FNDA:0,(anonymous_25)
FNDA:0,(anonymous_26)
FNDA:0,(anonymous_27)
FNDA:0,(anonymous_28)
FNDA:0,(anonymous_29)
FNDA:0,(anonymous_30)
FNDA:0,(anonymous_31)
FNDA:0,(anonymous_32)
FNDA:0,(anonymous_33)
FNDA:0,(anonymous_34)
FNDA:0,(anonymous_35)
FNDA:0,(anonymous_36)
FNDA:0,(anonymous_37)
FNDA:0,(anonymous_38)
FNDA:0,(anonymous_39)
FNDA:0,(anonymous_40)
FNDA:0,(anonymous_41)
FNDA:0,(anonymous_42)
FNDA:0,(anonymous_43)
FNDA:0,(anonymous_44)
FNDA:0,(anonymous_45)
FNDA:0,(anonymous_46)
FNDA:0,(anonymous_47)
FNDA:0,(anonymous_48)
DA:89,0
DA:103,0
DA:104,0
DA:105,0
DA:106,0
DA:107,0
DA:108,0
DA:110,0
DA:111,0
DA:112,0
DA:113,0
DA:116,0
DA:117,0
DA:120,0
DA:121,0
DA:124,0
DA:125,0
DA:128,0
DA:129,0
DA:132,0
DA:133,0
DA:136,0
DA:137,0
DA:140,0
DA:141,0
DA:142,0
DA:143,0
DA:145,0
DA:146,0
DA:147,0
DA:150,0
DA:151,0
DA:152,0
DA:153,0
DA:154,0
DA:155,0
DA:157,0
DA:159,0
DA:160,0
DA:161,0
DA:163,0
DA:168,0
DA:169,0
DA:170,0
DA:173,0
DA:174,0
DA:175,0
DA:176,0
DA:187,0
DA:188,0
DA:190,0
DA:191,0
DA:192,0
DA:193,0
DA:194,0
DA:196,0
DA:200,0
DA:203,0
DA:208,0
DA:209,0
DA:211,0
DA:212,0
DA:215,0
DA:217,0
DA:218,0
DA:220,0
DA:221,0
DA:223,0
DA:224,0
DA:226,0
DA:227,0
DA:229,0
DA:230,0
DA:232,0
DA:233,0
DA:235,0
DA:236,0
DA:238,0
DA:239,0
DA:241,0
DA:242,0
DA:244,0
DA:245,0
DA:247,0
DA:248,0
DA:250,0
DA:251,0
DA:253,0
DA:254,0
DA:256,0
DA:260,0
DA:264,0
DA:265,0
DA:268,0
DA:270,0
DA:271,0
DA:272,0
DA:275,0
DA:276,0
DA:278,0
DA:280,0
DA:281,0
DA:282,0
DA:283,0
DA:288,0
DA:290,0
DA:291,0
DA:292,0
DA:295,0
DA:296,0
DA:297,0
DA:299,0
DA:300,0
DA:303,0
DA:304,0
DA:306,0
DA:307,0
DA:315,0
DA:319,0
DA:322,0
DA:323,0
DA:324,0
DA:328,0
DA:329,0
DA:331,0
DA:339,0
DA:340,0
DA:342,0
DA:357,0
DA:373,0
DA:388,0
DA:393,0
DA:394,0
DA:395,0
DA:399,0
DA:401,0
DA:402,0
DA:403,0
DA:406,0
DA:407,0
DA:411,0
DA:413,0
DA:420,0
DA:436,0
DA:444,0
DA:445,0
DA:446,0
DA:449,0
DA:450,0
DA:451,0
DA:455,0
DA:456,0
DA:458,0
DA:459,0
DA:460,0
DA:463,0
DA:464,0
DA:468,0
DA:469,0
DA:470,0
DA:474,0
DA:476,0
DA:477,0
DA:478,0
DA:481,0
DA:482,0
DA:483,0
DA:486,0
DA:487,0
DA:489,0
DA:490,0
DA:498,0
DA:504,0
DA:505,0
DA:506,0
DA:509,0
DA:512,0
DA:513,0
DA:515,0
DA:544,0
DA:545,0
DA:546,0
DA:549,0
DA:551,0
DA:557,0
DA:566,0
DA:577,0
DA:603,0
DA:617,0
DA:624,0
DA:653,0
DA:654,0
DA:656,0
DA:745,0
DA:774,0
DA:846,0
DA:865,0
DA:866,0
DA:868,0
DA:869,0
DA:870,0
DA:871,0
DA:883,0
DA:916,0
DA:961,0
DA:968,0
DA:1227,0
LF:207
LH:0
BRDA:108,0,0,0
BRDA:108,0,1,0
BRDA:141,1,0,0
BRDA:141,1,1,0
BRDA:145,2,0,0
BRDA:145,2,1,0
BRDA:153,3,0,0
BRDA:153,3,1,0
BRDA:174,4,0,0
BRDA:174,4,1,0
BRDA:188,5,0,0
BRDA:188,5,1,0
BRDA:190,6,0,0
BRDA:190,6,1,0
BRDA:192,7,0,0
BRDA:192,7,1,0
BRDA:209,8,0,0
BRDA:209,8,1,0
BRDA:209,9,0,0
BRDA:209,9,1,0
BRDA:215,10,0,0
BRDA:215,10,1,0
BRDA:215,10,2,0
BRDA:215,10,3,0
BRDA:215,10,4,0
BRDA:215,10,5,0
BRDA:215,10,6,0
BRDA:215,10,7,0
BRDA:215,10,8,0
BRDA:215,10,9,0
BRDA:215,10,10,0
BRDA:215,10,11,0
BRDA:215,10,12,0
BRDA:215,10,13,0
BRDA:226,11,0,0
BRDA:226,11,1,0
BRDA:226,12,0,0
BRDA:226,12,1,0
BRDA:232,13,0,0
BRDA:232,13,1,0
BRDA:232,14,0,0
BRDA:232,14,1,0
BRDA:241,15,0,0
BRDA:241,15,1,0
BRDA:241,16,0,0
BRDA:241,16,1,0
BRDA:253,17,0,0
BRDA:253,17,1,0
BRDA:253,18,0,0
BRDA:253,18,1,0
BRDA:260,19,0,0
BRDA:260,19,1,0
BRDA:271,20,0,0
BRDA:271,20,1,0
BRDA:278,21,0,0
BRDA:278,21,1,0
BRDA:281,22,0,0
BRDA:281,22,1,0
BRDA:291,23,0,0
BRDA:291,23,1,0
BRDA:296,24,0,0
BRDA:296,24,1,0
BRDA:296,25,0,0
BRDA:296,25,1,0
BRDA:303,26,0,0
BRDA:303,26,1,0
BRDA:303,27,0,0
BRDA:303,27,1,0
BRDA:329,28,0,0
BRDA:329,28,1,0
BRDA:329,29,0,0
BRDA:329,29,1,0
BRDA:331,30,0,0
BRDA:331,30,1,0
BRDA:340,31,0,0
BRDA:340,31,1,0
BRDA:340,31,2,0
BRDA:340,31,3,0
BRDA:402,32,0,0
BRDA:402,32,1,0
BRDA:413,33,0,0
BRDA:413,33,1,0
BRDA:413,34,0,0
BRDA:413,34,1,0
BRDA:456,35,0,0
BRDA:456,35,1,0
BRDA:456,36,0,0
BRDA:456,36,1,0
BRDA:459,37,0,0
BRDA:459,37,1,0
BRDA:477,38,0,0
BRDA:477,38,1,0
BRDA:486,39,0,0
BRDA:486,39,1,0
BRDA:486,40,0,0
BRDA:486,40,1,0
BRDA:505,41,0,0
BRDA:505,41,1,0
BRDA:505,42,0,0
BRDA:505,42,1,0
BRDA:513,43,0,0
BRDA:513,43,1,0
BRDA:545,44,0,0
BRDA:545,44,1,0
BRDA:545,45,0,0
BRDA:545,45,1,0
BRDA:569,46,0,0
BRDA:587,47,0,0
BRDA:587,47,1,0
BRDA:608,48,0,0
BRDA:608,48,1,0
BRDA:608,49,0,0
BRDA:608,49,1,0
BRDA:620,50,0,0
BRDA:620,50,1,0
BRDA:631,51,0,0
BRDA:631,51,1,0
BRDA:641,52,0,0
BRDA:641,52,1,0
BRDA:650,53,0,0
BRDA:650,53,1,0
BRDA:651,54,0,0
BRDA:651,54,1,0
BRDA:653,55,0,0
BRDA:653,55,1,0
BRDA:660,56,0,0
BRDA:660,56,1,0
BRDA:668,57,0,0
BRDA:668,57,1,0
BRDA:672,58,0,0
BRDA:672,58,1,0
BRDA:676,59,0,0
BRDA:676,59,1,0
BRDA:680,60,0,0
BRDA:680,60,1,0
BRDA:684,61,0,0
BRDA:684,61,1,0
BRDA:688,62,0,0
BRDA:688,62,1,0
BRDA:692,63,0,0
BRDA:692,63,1,0
BRDA:696,64,0,0
BRDA:696,64,1,0
BRDA:700,65,0,0
BRDA:700,65,1,0
BRDA:704,66,0,0
BRDA:704,66,1,0
BRDA:708,67,0,0
BRDA:708,67,1,0
BRDA:712,68,0,0
BRDA:712,68,1,0
BRDA:716,69,0,0
BRDA:716,69,1,0
BRDA:720,70,0,0
BRDA:720,70,1,0
BRDA:724,71,0,0
BRDA:724,71,1,0
BRDA:731,72,0,0
BRDA:731,72,1,0
BRDA:752,73,0,0
BRDA:752,73,1,0
BRDA:760,74,0,0
BRDA:760,74,1,0
BRDA:764,75,0,0
BRDA:764,75,1,0
BRDA:776,76,0,0
BRDA:776,76,1,0
BRDA:784,77,0,0
BRDA:784,77,1,0
BRDA:790,78,0,0
BRDA:790,78,1,0
BRDA:796,79,0,0
BRDA:796,79,1,0
BRDA:817,80,0,0
BRDA:817,80,1,0
BRDA:822,81,0,0
BRDA:822,81,1,0
BRDA:840,82,0,0
BRDA:840,82,1,0
BRDA:842,83,0,0
BRDA:842,83,1,0
BRDA:868,84,0,0
BRDA:868,84,1,0
BRDA:870,85,0,0
BRDA:870,85,1,0
BRDA:912,86,0,0
BRDA:912,86,1,0
BRDA:935,87,0,0
BRDA:935,87,1,0
BRDA:939,88,0,0
BRDA:939,88,1,0
BRDA:955,89,0,0
BRDA:955,89,1,0
BRDA:964,90,0,0
BRDA:964,90,1,0
BRDA:983,91,0,0
BRDA:983,91,1,0
BRDA:985,92,0,0
BRDA:985,92,1,0
BRDA:986,93,0,0
BRDA:986,93,1,0
BRDA:993,94,0,0
BRDA:993,94,1,0
BRDA:999,95,0,0
BRDA:999,95,1,0
BRDA:1005,96,0,0
BRDA:1005,96,1,0
BRDA:1007,97,0,0
BRDA:1007,97,1,0
BRDA:1011,98,0,0
BRDA:1011,98,1,0
BRDA:1017,99,0,0
BRDA:1017,99,1,0
BRDA:1021,100,0,0
BRDA:1021,100,1,0
BRDA:1031,101,0,0
BRDA:1031,101,1,0
BRDA:1033,102,0,0
BRDA:1033,102,1,0
BRDA:1037,103,0,0
BRDA:1037,103,1,0
BRDA:1039,104,0,0
BRDA:1039,104,1,0
BRDA:1043,105,0,0
BRDA:1043,105,1,0
BRDA:1067,106,0,0
BRDA:1067,106,1,0
BRDA:1089,107,0,0
BRDA:1089,107,1,0
BRDA:1110,108,0,0
BRDA:1110,108,1,0
BRDA:1123,109,0,0
BRDA:1123,109,1,0
BRDA:1129,110,0,0
BRDA:1129,110,1,0
BRDA:1139,111,0,0
BRDA:1139,111,1,0
BRDA:1144,112,0,0
BRDA:1144,112,1,0
BRDA:1153,113,0,0
BRDA:1153,113,1,0
BRDA:1171,114,0,0
BRDA:1171,114,1,0
BRDA:1210,115,0,0
BRDA:1210,115,1,0
BRDA:1210,115,2,0
BRDA:1239,116,0,0
BRDA:1239,116,1,0
BRDA:1240,117,0,0
BRDA:1240,117,1,0
BRDA:1257,118,0,0
BRDA:1257,118,1,0
BRDA:1263,119,0,0
BRDA:1263,119,1,0
BRDA:1288,120,0,0
BRDA:1288,120,1,0
BRDA:1288,121,0,0
BRDA:1288,121,1,0
BRDA:1302,122,0,0
BRDA:1302,122,1,0
BRF:260
BRH:0
end_of_record
TN:
SF:src\components\Inventory\KPIMetrics.tsx
FN:38,(anonymous_0)
FNF:1
FNH:0
FNDA:0,(anonymous_0)
DA:38,0
DA:39,0
DA:40,0
DA:41,0
DA:42,0
DA:43,0
DA:47,0
DA:50,0
DA:55,0
DA:57,0
LF:10
LH:0
BRDA:43,0,0,0
BRDA:43,0,1,0
BRDA:50,1,0,0
BRDA:50,1,1,0
BRDA:62,2,0,0
BRDA:62,2,1,0
BRDA:187,3,0,0
BRDA:187,3,1,0
BRDA:192,4,0,0
BRDA:192,4,1,0
BRDA:198,5,0,0
BRDA:198,5,1,0
BRDA:220,6,0,0
BRDA:220,6,1,0
BRF:14
BRH:0
end_of_record
TN:
SF:src\components\Inventory\ListItemModal.tsx
FN:78,(anonymous_0)
FN:109,(anonymous_1)
FN:119,(anonymous_2)
FN:134,(anonymous_3)
FN:157,(anonymous_4)
FN:159,(anonymous_5)
FN:178,(anonymous_6)
FN:218,(anonymous_7)
FN:223,(anonymous_8)
FN:236,(anonymous_9)
FN:252,(anonymous_10)
FN:261,(anonymous_11)
FN:267,(anonymous_12)
FN:284,(anonymous_13)
FN:304,(anonymous_14)
FN:341,(anonymous_15)
FN:347,(anonymous_16)
FN:359,(anonymous_17)
FN:375,(anonymous_18)
FN:391,(anonymous_19)
FN:410,(anonymous_20)
FN:422,(anonymous_21)
FN:448,(anonymous_22)
FN:462,(anonymous_23)
FN:510,(anonymous_24)
FN:576,(anonymous_25)
FN:580,(anonymous_26)
FN:659,(anonymous_27)
FN:661,(anonymous_28)
FN:677,(anonymous_29)
FN:710,(anonymous_30)
FN:723,(anonymous_31)
FN:736,(anonymous_32)
FN:768,(anonymous_33)
FNF:34
FNH:0
FNDA:0,(anonymous_0)
FNDA:0,(anonymous_1)
FNDA:0,(anonymous_2)
FNDA:0,(anonymous_3)
FNDA:0,(anonymous_4)
FNDA:0,(anonymous_5)
FNDA:0,(anonymous_6)
FNDA:0,(anonymous_7)
FNDA:0,(anonymous_8)
FNDA:0,(anonymous_9)
FNDA:0,(anonymous_10)
FNDA:0,(anonymous_11)
FNDA:0,(anonymous_12)
FNDA:0,(anonymous_13)
FNDA:0,(anonymous_14)
FNDA:0,(anonymous_15)
FNDA:0,(anonymous_16)
FNDA:0,(anonymous_17)
FNDA:0,(anonymous_18)
FNDA:0,(anonymous_19)
FNDA:0,(anonymous_20)
FNDA:0,(anonymous_21)
FNDA:0,(anonymous_22)
FNDA:0,(anonymous_23)
FNDA:0,(anonymous_24)
FNDA:0,(anonymous_25)
FNDA:0,(anonymous_26)
FNDA:0,(anonymous_27)
FNDA:0,(anonymous_28)
FNDA:0,(anonymous_29)
FNDA:0,(anonymous_30)
FNDA:0,(anonymous_31)
FNDA:0,(anonymous_32)
FNDA:0,(anonymous_33)
DA:64,0
DA:78,0
DA:83,0
DA:84,0
DA:85,0
DA:86,0
DA:87,0
DA:89,0
DA:90,0
DA:91,0
DA:98,0
DA:99,0
DA:100,0
DA:101,0
DA:102,0
DA:103,0
DA:104,0
DA:105,0
DA:106,0
DA:109,0
DA:110,0
DA:111,0
DA:112,0
DA:113,0
DA:115,0
DA:117,0
DA:118,0
DA:119,0
DA:120,0
DA:121,0
DA:128,0
DA:131,0
DA:132,0
DA:133,0
DA:134,0
DA:135,0
DA:136,0
DA:143,0
DA:146,0
DA:148,0
DA:149,0
DA:150,0
DA:152,0
DA:157,0
DA:158,0
DA:159,0
DA:160,0
DA:161,0
DA:164,0
DA:166,0
DA:167,0
DA:169,0
DA:170,0
DA:171,0
DA:175,0
DA:177,0
DA:178,0
DA:183,0
DA:186,0
DA:193,0
DA:194,0
DA:195,0
DA:196,0
DA:199,0
DA:202,0
DA:206,0
DA:208,0
DA:213,0
DA:218,0
DA:219,0
DA:220,0
DA:222,0
DA:223,0
DA:228,0
DA:231,0
DA:236,0
DA:237,0
DA:240,0
DA:241,0
DA:242,0
DA:245,0
DA:247,0
DA:252,0
DA:253,0
DA:254,0
DA:256,0
DA:261,0
DA:262,0
DA:263,0
DA:267,0
DA:269,0
DA:270,0
DA:272,0
DA:273,0
DA:280,0
DA:284,0
DA:285,0
DA:288,0
DA:291,0
DA:292,0
DA:293,0
DA:294,0
DA:298,0
DA:300,0
DA:304,0
DA:306,0
DA:307,0
DA:308,0
DA:311,0
DA:312,0
DA:313,0
DA:317,0
DA:318,0
DA:321,0
DA:322,0
DA:323,0
DA:324,0
DA:328,0
DA:329,0
DA:336,0
DA:337,0
DA:341,0
DA:342,0
DA:343,0
DA:347,0
DA:349,0
DA:350,0
DA:352,0
DA:353,0
DA:354,0
DA:355,0
DA:359,0
DA:360,0
DA:362,0
DA:363,0
DA:364,0
DA:367,0
DA:368,0
DA:369,0
DA:370,0
DA:371,0
DA:375,0
DA:376,0
DA:377,0
DA:378,0
DA:382,0
DA:383,0
DA:385,0
DA:386,0
DA:387,0
DA:388,0
DA:391,0
DA:397,0
DA:399,0
DA:402,0
DA:403,0
DA:406,0
DA:407,0
DA:410,0
DA:411,0
DA:415,0
DA:421,0
DA:422,0
DA:423,0
DA:424,0
DA:432,0
DA:436,0
DA:438,0
DA:443,0
DA:445,0
DA:448,0
DA:462,0
DA:511,0
DA:577,0
DA:580,0
DA:659,0
DA:662,0
DA:677,0
DA:710,0
DA:723,0
DA:736,0
DA:768,0
LF:182
LH:0
BRDA:112,0,0,0
BRDA:112,0,1,0
BRDA:117,1,0,0
BRDA:117,1,1,0
BRDA:132,2,0,0
BRDA:132,2,1,0
BRDA:158,3,0,0
BRDA:158,3,1,0
BRDA:158,4,0,0
BRDA:158,4,1,0
BRDA:161,5,0,0
BRDA:161,5,1,0
BRDA:169,6,0,0
BRDA:169,6,1,0
BRDA:177,7,0,0
BRDA:177,7,1,0
BRDA:177,8,0,0
BRDA:177,8,1,0
BRDA:187,9,0,0
BRDA:187,9,1,0
BRDA:202,10,0,0
BRDA:202,10,1,0
BRDA:202,11,0,0
BRDA:202,11,1,0
BRDA:202,11,2,0
BRDA:219,12,0,0
BRDA:219,12,1,0
BRDA:219,13,0,0
BRDA:219,13,1,0
BRDA:219,13,2,0
BRDA:222,14,0,0
BRDA:222,14,1,0
BRDA:222,15,0,0
BRDA:222,15,1,0
BRDA:241,16,0,0
BRDA:241,16,1,0
BRDA:270,17,0,0
BRDA:270,17,1,0
BRDA:274,18,0,0
BRDA:274,18,1,0
BRDA:291,19,0,0
BRDA:291,19,1,0
BRDA:292,20,0,0
BRDA:292,20,1,0
BRDA:298,21,0,0
BRDA:298,21,1,0
BRDA:306,22,0,0
BRDA:306,22,1,0
BRDA:311,23,0,0
BRDA:311,23,1,0
BRDA:321,24,0,0
BRDA:321,24,1,0
BRDA:350,25,0,0
BRDA:350,25,1,0
BRDA:360,26,0,0
BRDA:360,26,1,0
BRDA:362,27,0,0
BRDA:362,27,1,0
BRDA:376,28,0,0
BRDA:376,28,1,0
BRDA:383,29,0,0
BRDA:383,29,1,0
BRDA:394,30,0,0
BRDA:394,30,1,0
BRDA:402,31,0,0
BRDA:402,31,1,0
BRDA:402,32,0,0
BRDA:402,32,1,0
BRDA:415,33,0,0
BRDA:415,33,1,0
BRDA:415,34,0,0
BRDA:415,34,1,0
BRDA:415,34,2,0
BRDA:415,34,3,0
BRDA:415,34,4,0
BRDA:475,35,0,0
BRDA:475,35,1,0
BRDA:481,36,0,0
BRDA:481,36,1,0
BRDA:488,37,0,0
BRDA:488,37,1,0
BRDA:501,38,0,0
BRDA:501,38,1,0
BRDA:524,39,0,0
BRDA:524,39,1,0
BRDA:543,40,0,0
BRDA:543,40,1,0
BRDA:568,41,0,0
BRDA:568,41,1,0
BRDA:586,42,0,0
BRDA:586,42,1,0
BRDA:587,43,0,0
BRDA:587,43,1,0
BRDA:613,44,0,0
BRDA:613,44,1,0
BRDA:617,45,0,0
BRDA:617,45,1,0
BRDA:638,46,0,0
BRDA:638,46,1,0
BRDA:646,47,0,0
BRDA:646,47,1,0
BRDA:672,48,0,0
BRDA:672,48,1,0
BRDA:695,49,0,0
BRDA:695,49,1,0
BRDA:710,50,0,0
BRDA:710,50,1,0
BRDA:735,51,0,0
BRDA:735,51,1,0
BRDA:758,52,0,0
BRDA:758,52,1,0
BRDA:774,53,0,0
BRDA:774,53,1,0
BRDA:774,53,2,0
BRDA:775,54,0,0
BRDA:775,54,1,0
BRDA:777,55,0,0
BRDA:777,55,1,0
BRF:118
BRH:0
end_of_record
TN:
SF:src\components\Inventory\SearchBar.tsx
FN:18,(anonymous_0)
FN:21,(anonymous_1)
FN:30,(anonymous_2)
FNF:3
FNH:0
FNDA:0,(anonymous_0)
FNDA:0,(anonymous_1)
FNDA:0,(anonymous_2)
DA:18,0
DA:19,0
DA:21,0
DA:22,0
DA:25,0
DA:30,0
LF:6
LH:0
BRDA:39,0,0,0
BRDA:39,0,1,0
BRDA:53,1,0,0
BRDA:53,1,1,0
BRDA:57,2,0,0
BRDA:57,2,1,0
BRF:6
BRH:0
end_of_record
TN:
SF:src\components\Inventory\StockInsights.tsx
FN:37,(anonymous_0)
FN:42,(anonymous_1)
FN:43,(anonymous_2)
FN:55,(anonymous_3)
FN:58,(anonymous_4)
FN:64,(anonymous_5)
FN:66,(anonymous_6)
FN:73,(anonymous_7)
FN:76,(anonymous_8)
FN:81,(anonymous_9)
FN:88,(anonymous_10)
FN:92,(anonymous_11)
FN:110,(anonymous_12)
FN:114,(anonymous_13)
FN:124,(anonymous_14)
FN:127,(anonymous_15)
FN:135,(anonymous_16)
FN:139,(anonymous_17)
FN:143,(anonymous_18)
FN:148,(anonymous_19)
FN:159,(anonymous_20)
FN:176,(anonymous_21)
FN:231,(anonymous_22)
FN:236,(anonymous_23)
FNF:24
FNH:0
FNDA:0,(anonymous_0)
FNDA:0,(anonymous_1)
FNDA:0,(anonymous_2)
FNDA:0,(anonymous_3)
FNDA:0,(anonymous_4)
FNDA:0,(anonymous_5)
FNDA:0,(anonymous_6)
FNDA:0,(anonymous_7)
FNDA:0,(anonymous_8)
FNDA:0,(anonymous_9)
FNDA:0,(anonymous_10)
FNDA:0,(anonymous_11)
FNDA:0,(anonymous_12)
FNDA:0,(anonymous_13)
FNDA:0,(anonymous_14)
FNDA:0,(anonymous_15)
FNDA:0,(anonymous_16)
FNDA:0,(anonymous_17)
FNDA:0,(anonymous_18)
FNDA:0,(anonymous_19)
FNDA:0,(anonymous_20)
FNDA:0,(anonymous_21)
FNDA:0,(anonymous_22)
FNDA:0,(anonymous_23)
DA:35,0
DA:37,0
DA:38,0
DA:39,0
DA:42,0
DA:43,0
DA:44,0
DA:45,0
DA:48,0
DA:55,0
DA:56,0
DA:58,0
DA:59,0
DA:63,0
DA:64,0
DA:66,0
DA:73,0
DA:74,0
DA:76,0
DA:77,0
DA:80,0
DA:81,0
DA:88,0
DA:90,0
DA:92,0
DA:93,0
DA:94,0
DA:96,0
DA:97,0
DA:100,0
DA:101,0
DA:102,0
DA:103,0
DA:104,0
DA:109,0
DA:110,0
DA:115,0
DA:116,0
DA:118,0
DA:119,0
DA:124,0
DA:125,0
DA:127,0
DA:128,0
DA:129,0
DA:131,0
DA:134,0
DA:135,0
DA:139,0
DA:143,0
DA:144,0
DA:145,0
DA:149,0
DA:156,0
DA:159,0
DA:160,0
DA:161,0
DA:173,0
DA:176,0
DA:177,0
DA:178,0
DA:187,0
DA:190,0
DA:231,0
DA:237,0
LF:65
LH:0
BRDA:44,0,0,0
BRDA:44,0,1,0
BRDA:49,1,0,0
BRDA:49,1,1,0
BRDA:50,2,0,0
BRDA:50,2,1,0
BRDA:59,3,0,0
BRDA:59,3,1,0
BRDA:77,4,0,0
BRDA:77,4,1,0
BRDA:96,5,0,0
BRDA:96,5,1,0
BRDA:101,6,0,0
BRDA:101,6,1,0
BRDA:103,7,0,0
BRDA:103,7,1,0
BRDA:118,8,0,0
BRDA:118,8,1,0
BRDA:128,9,0,0
BRDA:128,9,1,0
BRDA:144,10,0,0
BRDA:144,10,1,0
BRDA:144,11,0,0
BRDA:144,11,1,0
BRDA:144,11,2,0
BRDA:160,12,0,0
BRDA:160,12,1,0
BRDA:160,13,0,0
BRDA:160,13,1,0
BRDA:160,13,2,0
BRDA:168,14,0,0
BRDA:168,14,1,0
BRDA:177,15,0,0
BRDA:177,15,1,0
BRDA:177,16,0,0
BRDA:177,16,1,0
BRDA:177,16,2,0
BRDA:182,17,0,0
BRDA:182,17,1,0
BRF:39
BRH:0
end_of_record
TN:
SF:src\components\Inventory\TagManager.tsx
FN:40,(anonymous_0)
FN:56,(anonymous_1)
FN:67,(anonymous_2)
FN:74,(anonymous_3)
FN:95,(anonymous_4)
FN:103,(anonymous_5)
FN:112,(anonymous_6)
FN:123,(anonymous_7)
FN:128,(anonymous_8)
FN:138,(anonymous_9)
FN:144,(anonymous_10)
FN:150,(anonymous_11)
FN:156,(anonymous_12)
FN:220,(anonymous_13)
FN:226,(anonymous_14)
FN:231,(anonymous_15)
FN:289,(anonymous_16)
[...]
FN:80,(anonymous_1)
FN:99,(anonymous_2)
FN:129,(anonymous_3)
FN:170,(anonymous_4)
FN:202,(anonymous_5)
FN:235,(anonymous_6)
FN:273,(anonymous_7)
FN:301,(anonymous_8)
FN:333,(anonymous_9)
FN:366,(anonymous_10)
FNF:11
FNH:0
FNDA:0,(anonymous_0)
FNDA:0,(anonymous_1)
FNDA:0,(anonymous_2)
FNDA:0,(anonymous_3)
FNDA:0,(anonymous_4)
FNDA:0,(anonymous_5)
FNDA:0,(anonymous_6)
FNDA:0,(anonymous_7)
FNDA:0,(anonymous_8)
FNDA:0,(anonymous_9)
FNDA:0,(anonymous_10)
DA:5,0
DA:63,0
DA:64,0
DA:65,0
DA:66,0
DA:68,0
DA:71,0
DA:72,0
DA:75,0
DA:81,0
DA:82,0
DA:83,0
DA:84,0
DA:90,0
DA:91,0
DA:92,0
DA:95,0
DA:96,0
DA:99,0
DA:100,0
DA:102,0
DA:103,0
DA:104,0
DA:105,0
DA:108,0
DA:109,0
DA:114,0
DA:117,0
DA:119,0
DA:120,0
DA:130,0
DA:131,0
DA:132,0
DA:133,0
DA:139,0
DA:140,0
DA:141,0
DA:144,0
DA:145,0
DA:148,0
DA:149,0
DA:150,0
DA:151,0
DA:152,0
DA:155,0
DA:158,0
DA:160,0
DA:161,0
DA:171,0
DA:172,0
DA:173,0
DA:174,0
DA:175,0
DA:182,0
DA:183,0
DA:184,0
DA:187,0
DA:188,0
DA:189,0
DA:191,0
DA:192,0
DA:203,0
DA:204,0
DA:205,0
DA:206,0
DA:207,0
DA:214,0
DA:215,0
DA:216,0
DA:219,0
DA:220,0
DA:221,0
DA:223,0
DA:224,0
DA:236,0
DA:237,0
DA:240,0
DA:241,0
DA:242,0
DA:247,0
DA:254,0
DA:255,0
DA:256,0
DA:259,0
DA:260,0
DA:261,0
DA:263,0
DA:264,0
DA:274,0
DA:275,0
DA:276,0
DA:277,0
DA:283,0
DA:284,0
DA:285,0
DA:288,0
DA:289,0
DA:291,0
DA:292,0
DA:302,0
DA:303,0
DA:304,0
DA:305,0
DA:307,0
DA:314,0
DA:315,0
DA:316,0
DA:319,0
DA:320,0
DA:321,0
DA:323,0
DA:324,0
DA:334,0
DA:335,0
DA:336,0
DA:337,0
DA:339,0
DA:346,0
DA:347,0
DA:348,0
DA:351,0
DA:352,0
DA:353,0
DA:355,0
DA:356,0
DA:367,0
DA:368,0
DA:371,0
DA:372,0
DA:374,0
DA:375,0
DA:378,0
DA:379,0
DA:383,0
DA:384,0
DA:385,0
DA:388,0
DA:390,0
DA:392,0
DA:398,0
DA:399,0
DA:400,0
DA:403,0
DA:404,0
DA:405,0
DA:407,0
DA:408,0
LF:147
LH:0
BRDA:65,0,0,0
BRDA:65,0,1,0
BRDA:90,1,0,0
BRDA:90,1,1,0
BRDA:100,2,0,0
BRDA:100,2,1,0
BRDA:102,3,0,0
BRDA:102,3,1,0
BRDA:103,4,0,0
BRDA:103,4,1,0
BRDA:104,5,0,0
BRDA:104,5,1,0
BRDA:105,6,0,0
BRDA:105,6,1,0
BRDA:139,7,0,0
BRDA:139,7,1,0
BRDA:148,8,0,0
BRDA:148,8,1,0
BRDA:149,9,0,0
BRDA:149,9,1,0
BRDA:150,10,0,0
BRDA:150,10,1,0
BRDA:151,11,0,0
BRDA:151,11,1,0
BRDA:152,12,0,0
BRDA:152,12,1,0
BRDA:182,13,0,0
BRDA:182,13,1,0
BRDA:214,14,0,0
BRDA:214,14,1,0
BRDA:254,15,0,0
BRDA:254,15,1,0
BRDA:283,16,0,0
BRDA:283,16,1,0
BRDA:314,17,0,0
BRDA:314,17,1,0
BRDA:346,18,0,0
BRDA:346,18,1,0
BRDA:374,19,0,0
BRDA:374,19,1,0
BRDA:378,20,0,0
BRDA:378,20,1,0
BRDA:384,21,0,0
BRDA:384,21,1,0
BRDA:398,22,0,0
BRDA:398,22,1,0
BRF:46
BRH:0
end_of_record
TN:
SF:src\services\stripeService.ts
FN:49,(anonymous_0)
FN:56,(anonymous_1)
FN:70,(anonymous_2)
FN:98,(anonymous_3)
FN:120,(anonymous_4)
FN:134,(anonymous_5)
FN:157,(anonymous_6)
FN:173,(anonymous_7)
FN:187,(anonymous_8)
FN:197,(anonymous_9)
FN:212,(anonymous_10)
FN:227,(anonymous_11)
FN:238,(anonymous_12)
FNF:13
FNH:0
FNDA:0,(anonymous_0)
FNDA:0,(anonymous_1)
FNDA:0,(anonymous_2)
FNDA:0,(anonymous_3)
FNDA:0,(anonymous_4)
FNDA:0,(anonymous_5)
FNDA:0,(anonymous_6)
FNDA:0,(anonymous_7)
FNDA:0,(anonymous_8)
FNDA:0,(anonymous_9)
FNDA:0,(anonymous_10)
FNDA:0,(anonymous_11)
FNDA:0,(anonymous_12)
DA:5,0
DA:8,0
DA:11,0
DA:50,0
DA:57,0
DA:58,0
DA:59,0
DA:60,0
DA:62,0
DA:63,0
DA:75,0
DA:76,0
DA:87,0
DA:88,0
DA:90,0
DA:91,0
DA:99,0
DA:100,0
DA:109,0
DA:110,0
DA:112,0
DA:113,0
DA:121,0
DA:122,0
DA:123,0
DA:124,0
DA:126,0
DA:127,0
DA:135,0
DA:136,0
DA:137,0
DA:138,0
DA:141,0
DA:142,0
DA:144,0
DA:147,0
DA:149,0
DA:150,0
DA:158,0
DA:159,0
DA:160,0
DA:163,0
DA:165,0
DA:166,0
DA:174,0
DA:175,0
DA:176,0
DA:177,0
DA:179,0
DA:180,0
DA:188,0
DA:198,0
DA:200,0
DA:202,0
DA:205,0
DA:213,0
DA:215,0
DA:217,0
DA:220,0
DA:228,0
DA:229,0
DA:230,0
DA:232,0
DA:239,0
DA:240,0
DA:248,0
LF:66
LH:0
BRDA:137,0,0,0
BRDA:137,0,1,0
BRDA:198,1,0,0
BRDA:198,1,1,0
BRDA:198,1,2,0
BRDA:198,1,3,0
BRDA:213,2,0,0
BRDA:213,2,1,0
BRDA:213,2,2,0
BRDA:213,2,3,0
BRF:10
BRH:0
end_of_record
TN:
SF:src\services\tagService.ts
FN:16,(anonymous_0)
FN:62,(anonymous_1)
FN:88,(anonymous_2)
FN:111,(anonymous_3)
FN:137,(anonymous_4)
FN:158,(anonymous_5)
FN:182,(anonymous_6)
FN:203,(anonymous_7)
FN:230,(anonymous_8)
FN:248,(anonymous_9)
FN:275,(anonymous_10)
FN:294,(anonymous_11)
FN:310,createLocalTag
FN:332,updateLocalTag
FN:338,(anonymous_14)
FN:349,(anonymous_15)
FN:360,deleteLocalTag
FN:366,(anonymous_17)
FNF:18
FNH:0
FNDA:0,(anonymous_0)
FNDA:0,(anonymous_1)
FNDA:0,(anonymous_2)
FNDA:0,(anonymous_3)
FNDA:0,(anonymous_4)
FNDA:0,(anonymous_5)
FNDA:0,(anonymous_6)
FNDA:0,(anonymous_7)
FNDA:0,(anonymous_8)
FNDA:0,(anonymous_9)
FNDA:0,(anonymous_10)
FNDA:0,(anonymous_11)
FNDA:0,createLocalTag
FNDA:0,updateLocalTag
FNDA:0,(anonymous_14)
FNDA:0,(anonymous_15)
FNDA:0,deleteLocalTag
FNDA:0,(anonymous_17)
DA:5,0
DA:6,0
DA:11,0
DA:17,0
DA:18,0
DA:21,0
DA:22,0
DA:23,0
DA:26,0
DA:34,0
DA:35,0
DA:38,0
DA:39,0
DA:40,0
DA:43,0
DA:44,0
DA:45,0
DA:47,0
DA:50,0
DA:51,0
DA:52,0
DA:63,0
DA:64,0
DA:67,0
DA:68,0
DA:69,0
DA:72,0
DA:82,0
DA:83,0
DA:86,0
DA:87,0
DA:88,0
DA:89,0
DA:92,0
DA:93,0
DA:94,0
DA:96,0
DA:99,0
DA:100,0
DA:112,0
DA:113,0
DA:116,0
DA:117,0
DA:118,0
DA:121,0
DA:131,0
DA:132,0
DA:135,0
DA:136,0
DA:137,0
DA:138,0
DA:141,0
DA:142,0
DA:143,0
DA:145,0
DA:148,0
DA:149,0
DA:159,0
DA:160,0
DA:163,0
DA:164,0
DA:165,0
DA:168,0
DA:176,0
DA:177,0
DA:180,0
DA:181,0
DA:182,0
DA:183,0
DA:186,0
DA:187,0
DA:189,0
DA:192,0
DA:193,0
DA:204,0
DA:205,0
DA:208,0
DA:209,0
DA:210,0
DA:214,0
DA:224,0
DA:225,0
DA:228,0
DA:229,0
DA:230,0
DA:231,0
DA:234,0
DA:235,0
DA:237,0
DA:238,0
DA:249,0
DA:250,0
DA:253,0
DA:254,0
DA:255,0
DA:259,0
DA:267,0
DA:268,0
DA:271,0
DA:274,0
DA:275,0
DA:278,0
DA:288,0
DA:289,0
DA:292,0
DA:293,0
DA:294,0
DA:295,0
DA:298,0
DA:299,0
DA:301,0
DA:302,0
DA:312,0
DA:313,0
DA:316,0
DA:323,0
DA:324,0
DA:326,0
DA:334,0
DA:335,0
DA:338,0
DA:339,0
DA:340,0
DA:342,0
DA:346,0
DA:349,0
DA:350,0
DA:351,0
DA:354,0
DA:362,0
DA:363,0
DA:366,0
DA:369,0
DA:371,0
LF:134
LH:0
BRDA:22,0,0,0
BRDA:22,0,1,0
BRDA:34,1,0,0
BRDA:34,1,1,0
BRDA:38,2,0,0
BRDA:38,2,1,0
BRDA:52,3,0,0
BRDA:52,3,1,0
BRDA:68,4,0,0
BRDA:68,4,1,0
BRDA:82,5,0,0
BRDA:82,5,1,0
BRDA:86,6,0,0
BRDA:86,6,1,0
BRDA:89,7,0,0
BRDA:89,7,1,0
BRDA:117,8,0,0
BRDA:117,8,1,0
BRDA:131,9,0,0
BRDA:131,9,1,0
BRDA:135,10,0,0
BRDA:135,10,1,0
BRDA:138,11,0,0
BRDA:138,11,1,0
BRDA:164,12,0,0
BRDA:164,12,1,0
BRDA:176,13,0,0
BRDA:176,13,1,0
BRDA:180,14,0,0
BRDA:180,14,1,0
BRDA:183,15,0,0
BRDA:183,15,1,0
BRDA:209,16,0,0
BRDA:209,16,1,0
BRDA:224,17,0,0
BRDA:224,17,1,0
BRDA:228,18,0,0
BRDA:228,18,1,0
BRDA:231,19,0,0
BRDA:231,19,1,0
BRDA:254,20,0,0
BRDA:254,20,1,0
BRDA:267,21,0,0
BRDA:267,21,1,0
BRDA:274,22,0,0
BRDA:274,22,1,0
BRDA:288,23,0,0
BRDA:288,23,1,0
BRDA:292,24,0,0
BRDA:292,24,1,0
BRDA:295,25,0,0
BRDA:295,25,1,0
BRDA:313,26,0,0
BRDA:313,26,1,0
BRDA:335,27,0,0
BRDA:335,27,1,0
BRDA:339,28,0,0
BRDA:339,28,1,0
BRDA:350,29,0,0
BRDA:350,29,1,0
BRDA:363,30,0,0
BRDA:363,30,1,0
BRF:62
BRH:0
end_of_record
TN:
SF:src\utils\adminTools.ts
FN:10,(anonymous_0)
FN:22,(anonymous_1)
FN:36,(anonymous_2)
FN:54,setUserAccountTier
FN:73,(anonymous_4)
FN:93,seedDummyData
FN:107,(anonymous_6)
FN:124,getAdminStats
FN:129,(anonymous_8)
FN:143,getAllUsers
FN:148,(anonymous_10)
FNF:11
FNH:0
FNDA:0,(anonymous_0)
FNDA:0,(anonymous_1)
FNDA:0,(anonymous_2)
FNDA:0,setUserAccountTier
FNDA:0,(anonymous_4)
FNDA:0,seedDummyData
FNDA:0,(anonymous_6)
FNDA:0,getAdminStats
FNDA:0,(anonymous_8)
FNDA:0,getAllUsers
FNDA:0,(anonymous_10)
DA:10,0
DA:12,0
DA:22,0
DA:23,0
DA:24,0
DA:35,0
DA:36,0
DA:37,0
DA:40,0
DA:41,0
DA:42,0
DA:44,0
DA:45,0
DA:46,0
DA:55,0
DA:56,0
DA:57,0
DA:58,0
DA:61,0
DA:62,0
DA:72,0
DA:73,0
DA:74,0
DA:77,0
DA:78,0
DA:79,0
DA:81,0
DA:82,0
DA:83,0
DA:94,0
DA:95,0
DA:106,0
DA:107,0
DA:108,0
DA:111,0
DA:112,0
DA:113,0
DA:115,0
DA:116,0
DA:117,0
DA:125,0
DA:126,0
DA:128,0
DA:129,0
DA:130,0
DA:133,0
DA:135,0
DA:136,0
DA:144,0
DA:145,0
DA:147,0
DA:148,0
DA:149,0
DA:152,0
DA:154,0
DA:155,0
LF:56
LH:0
BRDA:22,0,0,0
BRDA:35,1,0,0
BRDA:35,1,1,0
BRDA:37,2,0,0
BRDA:37,2,1,0
BRDA:45,3,0,0
BRDA:45,3,1,0
BRDA:55,4,0,0
BRDA:55,4,1,0
BRDA:72,5,0,0
BRDA:72,5,1,0
BRDA:74,6,0,0
BRDA:74,6,1,0
BRDA:82,7,0,0
BRDA:82,7,1,0
BRDA:106,8,0,0
BRDA:106,8,1,0
BRDA:108,9,0,0
BRDA:108,9,1,0
BRDA:116,10,0,0
BRDA:116,10,1,0
BRDA:128,11,0,0
BRDA:128,11,1,0
BRDA:130,12,0,0
BRDA:130,12,1,0
BRDA:147,13,0,0
BRDA:147,13,1,0
BRDA:149,14,0,0
BRDA:149,14,1,0
BRF:29
BRH:0
end_of_record
TN:
SF:src\utils\currencyUtils.ts
FN:81,(anonymous_0)
FN:88,(anonymous_1)
FN:148,(anonymous_2)
FN:193,(anonymous_3)
FN:207,(anonymous_4)
FN:233,(anonymous_5)
FN:261,(anonymous_6)
FN:275,(anonymous_7)
FN:305,(anonymous_8)
FN:320,(anonymous_9)
FN:345,(anonymous_10)
FNF:11
FNH:0
FNDA:0,(anonymous_0)
FNDA:0,(anonymous_1)
FNDA:0,(anonymous_2)
FNDA:0,(anonymous_3)
FNDA:0,(anonymous_4)
FNDA:0,(anonymous_5)
FNDA:0,(anonymous_6)
FNDA:0,(anonymous_7)
FNDA:0,(anonymous_8)
FNDA:0,(anonymous_9)
FNDA:0,(anonymous_10)
DA:10,0
DA:35,0
DA:60,0
DA:81,0
DA:88,0
DA:89,0
DA:92,0
DA:95,0
DA:96,0
DA:100,0
DA:101,0
DA:105,0
DA:131,0
DA:132,0
DA:136,0
DA:137,0
DA:148,0
DA:150,0
DA:151,0
DA:155,0
DA:156,0
DA:159,0
DA:160,0
DA:164,0
DA:166,0
DA:167,0
DA:170,0
DA:172,0
DA:175,0
DA:177,0
DA:178,0
DA:180,0
DA:182,0
DA:183,0
DA:193,0
DA:194,0
DA:195,0
DA:197,0
DA:207,0
DA:208,0
DA:210,0
DA:212,0
DA:214,0
DA:216,0
DA:218,0
DA:220,0
DA:222,0
DA:224,0
DA:233,0
DA:234,0
DA:236,0
DA:238,0
DA:240,0
DA:243,0
DA:245,0
DA:247,0
DA:249,0
DA:261,0
DA:267,0
DA:268,0
DA:275,0
DA:276,0
DA:278,0
DA:280,0
DA:281,0
DA:284,0
DA:286,0
DA:287,0
DA:288,0
DA:290,0
DA:293,0
DA:294,0
DA:297,0
DA:305,0
DA:306,0
DA:307,0
DA:312,0
DA:320,0
DA:321,0
DA:322,0
DA:323,0
DA:325,0
DA:329,0
DA:334,0
DA:336,0
DA:337,0
DA:345,0
DA:346,0
DA:347,0
DA:350,0
DA:351,0
DA:352,0
DA:353,0
DA:354,0
DA:355,0
DA:356,0
DA:359,0
DA:360,0
DA:361,0
DA:362,0
DA:363,0
DA:366,0
DA:367,0
DA:368,0
DA:369,0
DA:370,0
DA:372,0
LF:107
LH:0
BRDA:89,0,0,0
BRDA:89,0,1,0
BRDA:95,1,0,0
BRDA:95,1,1,0
BRDA:100,2,0,0
BRDA:100,2,1,0
BRDA:131,3,0,0
BRDA:131,3,1,0
BRDA:148,4,0,0
BRDA:150,5,0,0
BRDA:150,5,1,0
BRDA:159,6,0,0
BRDA:159,6,1,0
BRDA:164,7,0,0
BRDA:164,7,1,0
BRDA:164,8,0,0
BRDA:164,8,1,0
BRDA:177,9,0,0
BRDA:177,9,1,0
BRDA:193,10,0,0
BRDA:195,11,0,0
BRDA:195,11,1,0
BRDA:208,12,0,0
BRDA:208,12,1,0
BRDA:208,12,2,0
BRDA:208,12,3,0
BRDA:208,12,4,0
BRDA:208,12,5,0
BRDA:208,12,6,0
BRDA:208,12,7,0
BRDA:234,13,0,0
BRDA:234,13,1,0
BRDA:234,13,2,0
BRDA:234,13,3,0
BRDA:234,13,4,0
BRDA:234,13,5,0
BRDA:234,13,6,0
BRDA:234,13,7,0
BRDA:265,14,0,0
BRDA:280,15,0,0
BRDA:280,15,1,0
BRDA:286,16,0,0
BRDA:286,16,1,0
BRDA:286,17,0,0
BRDA:286,17,1,0
BRDA:323,18,0,0
BRDA:323,18,1,0
BRDA:329,19,0,0
BRDA:329,19,1,0
BRDA:329,19,2,0
BRDA:329,19,3,0
BRDA:334,20,0,0
BRDA:334,20,1,0
BRF:53
BRH:0
end_of_record
TN:
SF:src\utils\dateUtils.ts
FN:9,(anonymous_0)
FN:44,(anonymous_1)
FN:117,(anonymous_2)
FN:127,(anonymous_3)
FNF:4
FNH:0
FNDA:0,(anonymous_0)
FNDA:0,(anonymous_1)
FNDA:0,(anonymous_2)
FNDA:0,(anonymous_3)
DA:9,0
DA:13,0
DA:16,0
DA:17,0
DA:18,0
DA:21,0
DA:22,0
DA:23,0
DA:25,0
DA:27,0
DA:29,0
DA:31,0
DA:33,0
DA:34,0
DA:44,0
DA:49,0
DA:50,0
DA:51,0
DA:56,0
DA:58,0
DA:59,0
DA:60,0
DA:61,0
DA:63,0
DA:64,0
DA:65,0
DA:66,0
DA:69,0
DA:70,0
DA:71,0
DA:72,0
DA:74,0
DA:75,0
DA:76,0
DA:77,0
DA:80,0
DA:81,0
DA:82,0
DA:83,0
DA:85,0
DA:86,0
DA:87,0
DA:88,0
DA:91,0
DA:92,0
DA:93,0
DA:94,0
DA:95,0
DA:97,0
DA:98,0
DA:99,0
DA:102,0
DA:104,0
DA:105,0
DA:106,0
DA:109,0
DA:117,0
DA:118,0
DA:127,0
DA:131,0
DA:132,0
DA:135,0
DA:136,0
DA:137,0
DA:141,0
DA:142,0
DA:144,0
DA:145,0
LF:68
LH:0
BRDA:11,0,0,0
BRDA:13,1,0,0
BRDA:13,1,1,0
BRDA:16,2,0,0
BRDA:16,2,1,0
BRDA:25,3,0,0
BRDA:25,3,1,0
BRDA:25,3,2,0
BRDA:25,3,3,0
BRDA:46,4,0,0
BRDA:49,5,0,0
BRDA:49,5,1,0
BRDA:56,6,0,0
BRDA:56,6,1,0
BRDA:56,6,2,0
BRDA:56,6,3,0
BRDA:59,7,0,0
BRDA:59,7,1,0
BRDA:70,8,0,0
BRDA:70,8,1,0
BRDA:81,9,0,0
BRDA:81,9,1,0
BRDA:93,10,0,0
BRDA:93,10,1,0
BRDA:104,11,0,0
BRDA:104,11,1,0
BRDA:117,12,0,0
BRDA:129,13,0,0
BRDA:131,14,0,0
BRDA:131,14,1,0
BRDA:132,15,0,0
BRDA:132,15,1,0
BRDA:135,16,0,0
BRDA:135,16,1,0
BRDA:135,17,0,0
BRDA:135,17,1,0
BRF:36
BRH:0
end_of_record
TN:
SF:src\utils\expensesUtils.ts
FN:9,(anonymous_0)
FN:10,(anonymous_1)
FN:18,(anonymous_2)
FN:19,(anonymous_3)
FN:35,(anonymous_4)
FN:54,(anonymous_5)
FN:61,(anonymous_6)
FN:85,(anonymous_7)
FN:86,(anonymous_8)
FN:95,(anonymous_9)
FN:104,(anonymous_10)
FN:119,(anonymous_11)
FN:120,(anonymous_12)
FNF:13
FNH:0
FNDA:0,(anonymous_0)
FNDA:0,(anonymous_1)
FNDA:0,(anonymous_2)
FNDA:0,(anonymous_3)
FNDA:0,(anonymous_4)
FNDA:0,(anonymous_5)
FNDA:0,(anonymous_6)
FNDA:0,(anonymous_7)
FNDA:0,(anonymous_8)
FNDA:0,(anonymous_9)
FNDA:0,(anonymous_10)
FNDA:0,(anonymous_11)
FNDA:0,(anonymous_12)
DA:9,0
DA:10,0
DA:18,0
DA:19,0
DA:20,0
DA:21,0
DA:22,0
DA:24,0
DA:25,0
DA:35,0
DA:39,0
DA:40,0
DA:42,0
DA:44,0
DA:54,0
DA:59,0
DA:61,0
DA:62,0
DA:64,0
DA:65,0
DA:68,0
DA:69,0
DA:72,0
DA:73,0
DA:76,0
DA:85,0
DA:86,0
DA:95,0
DA:96,0
DA:104,0
DA:105,0
DA:106,0
DA:108,0
DA:119,0
DA:120,0
DA:121,0
LF:36
LH:0
BRDA:21,0,0,0
BRDA:21,0,1,0
BRDA:42,1,0,0
BRDA:42,1,1,0
BRDA:59,2,0,0
BRDA:59,2,1,0
BRDA:59,3,0,0
BRDA:59,3,1,0
BRDA:64,4,0,0
BRDA:64,4,1,0
BRDA:64,5,0,0
BRDA:64,5,1,0
BRDA:65,6,0,0
BRDA:65,6,1,0
BRDA:68,7,0,0
BRDA:68,7,1,0
BRDA:72,8,0,0
BRDA:72,8,1,0
BRDA:95,9,0,0
BRDA:109,10,0,0
BRDA:109,10,1,0
BRF:21
BRH:0
end_of_record
TN:
SF:src\utils\exportUtils.ts
FN:9,(anonymous_0)
FN:19,(anonymous_1)
FN:39,(anonymous_2)
FN:59,(anonymous_3)
FN:59,(anonymous_4)
FN:87,(anonymous_5)
FN:107,(anonymous_6)
FN:160,(anonymous_7)
FN:186,(anonymous_8)
FN:228,(anonymous_9)
FN:229,(anonymous_10)
FN:230,(anonymous_11)
FNF:12
FNH:0
FNDA:0,(anonymous_0)
FNDA:0,(anonymous_1)
FNDA:0,(anonymous_2)
FNDA:0,(anonymous_3)
FNDA:0,(anonymous_4)
FNDA:0,(anonymous_5)
FNDA:0,(anonymous_6)
FNDA:0,(anonymous_7)
FNDA:0,(anonymous_8)
FNDA:0,(anonymous_9)
FNDA:0,(anonymous_10)
FNDA:0,(anonymous_11)
DA:9,0
DA:10,0
DA:11,0
DA:19,0
DA:21,0
DA:39,0
DA:57,0
DA:59,0
DA:61,0
DA:62,0
DA:64,0
DA:69,0
DA:70,0
DA:71,0
DA:72,0
DA:73,0
DA:74,0
DA:75,0
DA:78,0
DA:79,0
DA:87,0
DA:89,0
DA:107,0
DA:125,0
DA:128,0
DA:129,0
DA:132,0
DA:149,0
DA:152,0
DA:160,0
DA:162,0
DA:165,0
DA:166,0
DA:169,0
DA:170,0
DA:173,0
DA:186,0
DA:199,0
DA:227,0
DA:228,0
DA:229,0
DA:230,0
DA:232,0
DA:234,0
DA:235,0
DA:237,0
DA:238,0
DA:239,0
DA:240,0
DA:241,0
DA:244,0
DA:245,0
DA:246,0
DA:247,0
DA:248,0
DA:252,0
LF:56
LH:0
BRDA:19,0,0,0
BRDA:45,1,0,0
BRDA:45,1,1,0
BRDA:52,2,0,0
BRDA:52,2,1,0
BRDA:53,3,0,0
BRDA:53,3,1,0
BRDA:61,4,0,0
BRDA:61,4,1,0
BRDA:61,5,0,0
BRDA:61,5,1,0
BRDA:87,6,0,0
BRDA:113,7,0,0
BRDA:113,7,1,0
BRDA:120,8,0,0
BRDA:120,8,1,0
BRDA:121,9,0,0
BRDA:121,9,1,0
BRDA:160,10,0,0
BRDA:230,11,0,0
BRDA:230,11,1,0
BRDA:232,12,0,0
BRDA:232,12,1,0
BRF:23
BRH:0
end_of_record
TN:
SF:src\utils\formPersistence.ts
FN:42,(anonymous_0)
FN:60,(anonymous_1)
FN:85,(anonymous_2)
FNF:3
FNH:0
FNDA:0,(anonymous_0)
FNDA:0,(anonymous_1)
FNDA:0,(anonymous_2)
DA:40,0
DA:42,0
DA:43,0
DA:45,0
DA:53,0
DA:54,0
DA:56,0
DA:60,0
DA:61,0
DA:62,0
DA:63,0
DA:65,0
DA:68,0
DA:69,0
DA:71,0
DA:73,0
DA:74,0
DA:78,0
DA:80,0
DA:81,0
DA:85,0
DA:86,0
DA:87,0
DA:89,0
LF:24
LH:0
BRDA:49,0,0,0
BRDA:49,0,1,0
BRDA:63,1,0,0
BRDA:63,1,1,0
BRDA:68,2,0,0
BRDA:68,2,1,0
BRDA:68,3,0,0
BRDA:68,3,1,0
BRF:8
BRH:0
end_of_record
TN:
SF:src\utils\globalCurrencyUtils.ts
FN:17,(anonymous_0)
FN:20,(anonymous_1)
FN:40,(anonymous_2)
FN:59,(anonymous_3)
FNF:4
FNH:0
FNDA:0,(anonymous_0)
FNDA:0,(anonymous_1)
FNDA:0,(anonymous_2)
FNDA:0,(anonymous_3)
DA:17,0
DA:18,0
DA:20,0
DA:22,0
DA:25,0
DA:28,0
DA:30,0
DA:40,0
DA:41,0
DA:44,0
DA:45,0
DA:47,0
DA:48,0
DA:59,0
DA:60,0
DA:61,0
LF:16
LH:0
BRDA:18,0,0,0
BRDA:18,0,1,0
BRDA:18,1,0,0
BRDA:18,1,1,0
BRF:4
BRH:0
end_of_record
TN:
SF:src\utils\imageUtils.ts
FN:17,(anonymous_0)
FN:60,(anonymous_1)
FN:96,(anonymous_2)
FN:97,(anonymous_3)
FN:107,(anonymous_4)
FN:112,(anonymous_5)
FN:127,(anonymous_6)
FN:129,(anonymous_7)
FN:154,(anonymous_8)
FN:172,(anonymous_9)
FNF:10
FNH:0
FNDA:0,(anonymous_0)
FNDA:0,(anonymous_1)
FNDA:0,(anonymous_2)
FNDA:0,(anonymous_3)
FNDA:0,(anonymous_4)
FNDA:0,(anonymous_5)
FNDA:0,(anonymous_6)
FNDA:0,(anonymous_7)
FNDA:0,(anonymous_8)
FNDA:0,(anonymous_9)
DA:7,0
DA:17,0
DA:18,0
DA:19,0
DA:20,0
DA:24,0
DA:25,0
DA:29,0
DA:33,0
DA:35,0
DA:36,0
DA:38,0
DA:42,0
DA:45,0
DA:60,0
DA:61,0
DA:62,0
DA:63,0
DA:65,0
DA:66,0
DA:67,0
DA:70,0
DA:71,0
DA:72,0
DA:76,0
DA:77,0
DA:78,0
DA:81,0
DA:82,0
DA:83,0
DA:85,0
DA:86,0
DA:96,0
DA:97,0
DA:98,0
DA:99,0
DA:100,0
DA:101,0
DA:104,0
DA:105,0
DA:107,0
DA:108,0
DA:109,0
DA:112,0
DA:113,0
DA:114,0
DA:117,0
DA:127,0
DA:129,0
DA:130,0
DA:132,0
DA:134,0
DA:136,0
DA:138,0
DA:140,0
DA:144,0
DA:154,0
DA:155,0
DA:156,0
DA:158,0
DA:172,0
DA:177,0
DA:178,0
DA:179,0
DA:182,0
DA:183,0
DA:184,0
DA:186,0
DA:187,0
LF:69
LH:0
BRDA:18,0,0,0
BRDA:18,0,1,0
BRDA:19,1,0,0
BRDA:19,1,1,0
BRDA:24,2,0,0
BRDA:24,2,1,0
BRDA:33,3,0,0
BRDA:33,3,1,0
BRDA:35,4,0,0
BRDA:35,4,1,0
BRDA:61,5,0,0
BRDA:61,5,1,0
BRDA:65,6,0,0
BRDA:65,6,1,0
BRDA:76,7,0,0
BRDA:76,7,1,0
BRDA:82,8,0,0
BRDA:82,8,1,0
BRDA:83,9,0,0
BRDA:83,9,1,0
BRDA:98,10,0,0
BRDA:98,10,1,0
BRDA:130,11,0,0
BRDA:130,11,1,0
BRDA:130,11,2,0
BRDA:130,11,3,0
BRDA:130,11,4,0
BRDA:155,12,0,0
BRDA:155,12,1,0
BRDA:156,13,0,0
BRDA:156,13,1,0
BRDA:177,14,0,0
BRDA:177,14,1,0
BRDA:179,15,0,0
BRDA:179,15,1,0
BRDA:187,16,0,0
BRDA:187,16,1,0
BRF:37
BRH:0
end_of_record
TN:
SF:src\utils\logger.ts
FN:5,(anonymous_0)
FN:11,(anonymous_1)
FN:17,(anonymous_2)
FN:23,(anonymous_3)
FN:29,(anonymous_4)
FN:38,(anonymous_5)
FN:40,(anonymous_6)
FN:45,(anonymous_7)
FNF:8
FNH:0
FNDA:0,(anonymous_0)
FNDA:0,(anonymous_1)
FNDA:0,(anonymous_2)
FNDA:0,(anonymous_3)
FNDA:0,(anonymous_4)
FNDA:0,(anonymous_5)
FNDA:0,(anonymous_6)
FNDA:0,(anonymous_7)
DA:4,0
DA:6,0
DA:7,0
DA:12,0
DA:13,0
DA:18,0
DA:19,0
DA:24,0
DA:25,0
DA:30,0
DA:31,0
DA:37,0
DA:40,0
DA:41,0
DA:43,0
DA:44,0
DA:45,0
DA:46,0
DA:47,0
DA:50,0
DA:52,0
DA:54,0
LF:22
LH:0
BRDA:6,0,0,0
BRDA:6,0,1,0
BRDA:12,1,0,0
BRDA:12,1,1,0
BRDA:18,2,0,0
BRDA:18,2,1,0
BRDA:24,3,0,0
BRDA:24,3,1,0
BRDA:30,4,0,0
BRDA:30,4,1,0
BRDA:41,5,0,0
BRDA:41,5,1,0
BRDA:41,6,0,0
BRDA:41,6,1,0
BRDA:46,7,0,0
BRDA:46,7,1,0
BRF:16
BRH:0
end_of_record
TN:
SF:src\utils\profitCalculator.ts
FN:11,(anonymous_0)
FN:13,(anonymous_1)
FN:59,(anonymous_2)
FN:77,(anonymous_3)
FN:82,(anonymous_4)
FN:91,(anonymous_5)
FN:106,(anonymous_6)
FNF:7
FNH:0
FNDA:0,(anonymous_0)
FNDA:0,(anonymous_1)
FNDA:0,(anonymous_2)
FNDA:0,(anonymous_3)
FNDA:0,(anonymous_4)
FNDA:0,(anonymous_5)
FNDA:0,(anonymous_6)
DA:11,0
DA:13,0
DA:15,0
DA:16,0
DA:19,0
DA:20,0
DA:21,0
DA:26,0
DA:27,0
DA:28,0
DA:29,0
DA:33,0
DA:34,0
DA:35,0
DA:36,0
DA:38,0
DA:40,0
DA:53,0
DA:59,0
DA:65,0
DA:66,0
DA:67,0
DA:68,0
DA:71,0
DA:72,0
DA:74,0
DA:75,0
DA:77,0
DA:78,0
DA:79,0
DA:82,0
DA:83,0
DA:84,0
DA:87,0
DA:91,0
DA:92,0
DA:94,0
DA:95,0
DA:96,0
DA:97,0
DA:98,0
DA:99,0
DA:103,0
DA:105,0
DA:106,0
DA:107,0
DA:108,0
DA:111,0
DA:114,0
DA:115,0
DA:118,0
DA:119,0
LF:52
LH:0
BRDA:15,0,0,0
BRDA:15,0,1,0
BRDA:19,1,0,0
BRDA:19,1,1,0
BRDA:27,2,0,0
BRDA:27,2,1,0
BRDA:28,3,0,0
BRDA:28,3,1,0
BRDA:33,4,0,0
BRDA:33,4,1,0
BRDA:34,5,0,0
BRDA:34,5,1,0
BRDA:35,6,0,0
BRDA:35,6,1,0
BRDA:36,7,0,0
BRDA:36,7,1,0
BRDA:43,8,0,0
BRDA:43,8,1,0
BRDA:74,9,0,0
BRDA:74,9,1,0
BRDA:79,10,0,0
BRDA:79,10,1,0
BRDA:84,11,0,0
BRDA:84,11,1,0
BRDA:94,12,0,0
BRDA:94,12,1,0
BRF:26
BRH:0
end_of_record
TN:
SF:src\utils\recurringExpensesUtils.ts
FN:11,(anonymous_0)
FN:37,(anonymous_1)
FN:98,(anonymous_2)
FN:104,(anonymous_3)
FNF:4
FNH:0
FNDA:0,(anonymous_0)
FNDA:0,(anonymous_1)
FNDA:0,(anonymous_2)
FNDA:0,(anonymous_3)
DA:11,0
DA:15,0
DA:17,0
DA:19,0
DA:21,0
DA:23,0
DA:25,0
DA:27,0
DA:37,0
DA:42,0
DA:43,0
DA:44,0
DA:47,0
DA:48,0
DA:50,0
DA:51,0
DA:55,0
DA:57,0
DA:60,0
DA:61,0
DA:64,0
DA:76,0
DA:79,0
DA:80,0
DA:83,0
DA:84,0
DA:85,0
DA:89,0
DA:90,0
DA:98,0
DA:101,0
DA:102,0
DA:104,0
DA:105,0
DA:107,0
DA:113,0
DA:114,0
DA:120,0
DA:124,0
LF:39
LH:0
BRDA:17,0,0,0
BRDA:17,0,1,0
BRDA:17,0,2,0
BRDA:17,0,3,0
BRDA:17,0,4,0
BRDA:39,1,0,0
BRDA:42,2,0,0
BRDA:42,2,1,0
BRDA:42,3,0,0
BRDA:42,3,1,0
BRDA:60,4,0,0
BRDA:60,4,1,0
BRDA:71,5,0,0
BRDA:71,5,1,0
BRDA:83,6,0,0
BRDA:83,6,1,0
BRDA:105,7,0,0
BRDA:105,7,1,0
BRDA:105,8,0,0
BRDA:105,8,1,0
BRF:20
BRH:0
end_of_record
